[ 2018-03-06T10:30:55+08:00 ] 192.168.16.22 /
INFO: [ app_init ] --START--
INFO: Run Behavior\BuildLiteBehavior [ RunTime:0.001000s ]
INFO: [ app_init ] --END-- [ RunTime:0.002000s ]
INFO: [ app_begin ] --START--
INFO: Run Behavior\ReadHtmlCacheBehavior [ RunTime:0.001000s ]
INFO: [ app_begin ] --END-- [ RunTime:0.001000s ]
SQL: SHOW COLUMNS FROM `yzm_classs` [ RunTime:0.0420s ]
SQL: SELECT * FROM `yzm_classs`  [ RunTime:0.0060s ]
NOTIC: [8] Use of undefined constant id - assumed 'id' F:\git\lenovo\App\Home\Controller\IndexController.class.php 第 66 行.
NOTIC: [8] Use of undefined constant id - assumed 'id' F:\git\lenovo\App\Home\Controller\IndexController.class.php 第 68 行.
NOTIC: [8] Use of undefined constant id - assumed 'id' F:\git\lenovo\App\Home\Controller\IndexController.class.php 第 66 行.
NOTIC: [8] Use of undefined constant id - assumed 'id' F:\git\lenovo\App\Home\Controller\IndexController.class.php 第 68 行.
NOTIC: [8] Use of undefined constant id - assumed 'id' F:\git\lenovo\App\Home\Controller\IndexController.class.php 第 66 行.
NOTIC: [8] Use of undefined constant id - assumed 'id' F:\git\lenovo\App\Home\Controller\IndexController.class.php 第 68 行.
NOTIC: [8] Use of undefined constant id - assumed 'id' F:\git\lenovo\App\Home\Controller\IndexController.class.php 第 66 行.
NOTIC: [8] Use of undefined constant id - assumed 'id' F:\git\lenovo\App\Home\Controller\IndexController.class.php 第 68 行.
NOTIC: [8] Use of undefined constant id - assumed 'id' F:\git\lenovo\App\Home\Controller\IndexController.class.php 第 66 行.
NOTIC: [8] Use of undefined constant id - assumed 'id' F:\git\lenovo\App\Home\Controller\IndexController.class.php 第 68 行.
NOTIC: [8] Use of undefined constant id - assumed 'id' F:\git\lenovo\App\Home\Controller\IndexController.class.php 第 66 行.
NOTIC: [8] Use of undefined constant id - assumed 'id' F:\git\lenovo\App\Home\Controller\IndexController.class.php 第 68 行.
NOTIC: [8] Use of undefined constant id - assumed 'id' F:\git\lenovo\App\Home\Controller\IndexController.class.php 第 66 行.
NOTIC: [8] Use of undefined constant id - assumed 'id' F:\git\lenovo\App\Home\Controller\IndexController.class.php 第 68 行.
NOTIC: [8] Use of undefined constant id - assumed 'id' F:\git\lenovo\App\Home\Controller\IndexController.class.php 第 66 行.
NOTIC: [8] Use of undefined constant id - assumed 'id' F:\git\lenovo\App\Home\Controller\IndexController.class.php 第 68 行.
NOTIC: [8] Use of undefined constant id - assumed 'id' F:\git\lenovo\App\Home\Controller\IndexController.class.php 第 66 行.
NOTIC: [8] Use of undefined constant id - assumed 'id' F:\git\lenovo\App\Home\Controller\IndexController.class.php 第 68 行.
NOTIC: [8] Use of undefined constant id - assumed 'id' F:\git\lenovo\App\Home\Controller\IndexController.class.php 第 66 行.
NOTIC: [8] Use of undefined constant id - assumed 'id' F:\git\lenovo\App\Home\Controller\IndexController.class.php 第 68 行.
NOTIC: [8] Use of undefined constant id - assumed 'id' F:\git\lenovo\App\Home\Controller\IndexController.class.php 第 66 行.
NOTIC: [8] Use of undefined constant id - assumed 'id' F:\git\lenovo\App\Home\Controller\IndexController.class.php 第 68 行.
NOTIC: [8] Use of undefined constant id - assumed 'id' F:\git\lenovo\App\Home\Controller\IndexController.class.php 第 66 行.
NOTIC: [8] Use of undefined constant id - assumed 'id' F:\git\lenovo\App\Home\Controller\IndexController.class.php 第 68 行.
NOTIC: [8] Use of undefined constant id - assumed 'id' F:\git\lenovo\App\Home\Controller\IndexController.class.php 第 66 行.
NOTIC: [8] Use of undefined constant id - assumed 'id' F:\git\lenovo\App\Home\Controller\IndexController.class.php 第 68 行.
NOTIC: [8] Use of undefined constant id - assumed 'id' F:\git\lenovo\App\Home\Controller\IndexController.class.php 第 66 行.
NOTIC: [8] Use of undefined constant id - assumed 'id' F:\git\lenovo\App\Home\Controller\IndexController.class.php 第 68 行.
NOTIC: [8] Use of undefined constant id - assumed 'id' F:\git\lenovo\App\Home\Controller\IndexController.class.php 第 66 行.
NOTIC: [8] Use of undefined constant id - assumed 'id' F:\git\lenovo\App\Home\Controller\IndexController.class.php 第 68 行.
NOTIC: [8] Use of undefined constant id - assumed 'id' F:\git\lenovo\App\Home\Controller\IndexController.class.php 第 66 行.
NOTIC: [8] Use of undefined constant id - assumed 'id' F:\git\lenovo\App\Home\Controller\IndexController.class.php 第 68 行.
NOTIC: [8] Use of undefined constant id - assumed 'id' F:\git\lenovo\App\Home\Controller\IndexController.class.php 第 66 行.
NOTIC: [8] Use of undefined constant id - assumed 'id' F:\git\lenovo\App\Home\Controller\IndexController.class.php 第 68 行.
NOTIC: [8] Use of undefined constant id - assumed 'id' F:\git\lenovo\App\Home\Controller\IndexController.class.php 第 66 行.
NOTIC: [8] Use of undefined constant id - assumed 'id' F:\git\lenovo\App\Home\Controller\IndexController.class.php 第 68 行.
NOTIC: [8] Use of undefined constant id - assumed 'id' F:\git\lenovo\App\Home\Controller\IndexController.class.php 第 66 行.
NOTIC: [8] Use of undefined constant id - assumed 'id' F:\git\lenovo\App\Home\Controller\IndexController.class.php 第 68 行.
NOTIC: [8] Use of undefined constant id - assumed 'id' F:\git\lenovo\App\Home\Controller\IndexController.class.php 第 66 行.
NOTIC: [8] Use of undefined constant id - assumed 'id' F:\git\lenovo\App\Home\Controller\IndexController.class.php 第 68 行.
NOTIC: [8] Use of undefined constant id - assumed 'id' F:\git\lenovo\App\Home\Controller\IndexController.class.php 第 66 行.
NOTIC: [8] Use of undefined constant id - assumed 'id' F:\git\lenovo\App\Home\Controller\IndexController.class.php 第 68 行.
SQL: SHOW COLUMNS FROM `yzm_classads` [ RunTime:0.0210s ]
SQL: SELECT * FROM `yzm_classads` WHERE ( pos=0 and cid=12 ) LIMIT 2   [ RunTime:0.0070s ]
SQL: SELECT * FROM `yzm_classads` WHERE ( pos=1 and cid=12 ) LIMIT 1   [ RunTime:0.0070s ]
SQL: SELECT * FROM `yzm_classads` WHERE ( pos=0 and cid=13 ) LIMIT 2   [ RunTime:0.0060s ]
SQL: SELECT * FROM `yzm_classads` WHERE ( pos=1 and cid=13 ) LIMIT 1   [ RunTime:0.0050s ]
SQL: SELECT * FROM `yzm_classads` WHERE ( pos=0 and cid=14 ) LIMIT 2   [ RunTime:0.0050s ]
SQL: SELECT * FROM `yzm_classads` WHERE ( pos=1 and cid=14 ) LIMIT 1   [ RunTime:0.0050s ]
SQL: SHOW COLUMNS FROM `yzm_goods` [ RunTime:0.0100s ]
NOTIC: [8] Use of undefined constant zi - assumed 'zi' F:\git\lenovo\App\Home\Controller\IndexController.class.php 第 30 行.
NOTIC: [8] Use of undefined constant zi - assumed 'zi' F:\git\lenovo\App\Home\Controller\IndexController.class.php 第 31 行.
NOTIC: [8] Use of undefined constant id - assumed 'id' F:\git\lenovo\App\Home\Controller\IndexController.class.php 第 32 行.
NOTIC: [8] Use of undefined constant id - assumed 'id' F:\git\lenovo\App\Home\Controller\IndexController.class.php 第 32 行.
NOTIC: [8] Use of undefined constant zi - assumed 'zi' F:\git\lenovo\App\Home\Controller\IndexController.class.php 第 31 行.
NOTIC: [8] Use of undefined constant id - assumed 'id' F:\git\lenovo\App\Home\Controller\IndexController.class.php 第 32 行.
NOTIC: [8] Use of undefined constant id - assumed 'id' F:\git\lenovo\App\Home\Controller\IndexController.class.php 第 32 行.
SQL: SELECT * FROM `yzm_goods` WHERE ( cid in(21,22,23,24) ) LIMIT 8   [ RunTime:0.0420s ]
NOTIC: [8] Use of undefined constant zi - assumed 'zi' F:\git\lenovo\App\Home\Controller\IndexController.class.php 第 30 行.
NOTIC: [8] Use of undefined constant zi - assumed 'zi' F:\git\lenovo\App\Home\Controller\IndexController.class.php 第 31 行.
NOTIC: [8] Use of undefined constant id - assumed 'id' F:\git\lenovo\App\Home\Controller\IndexController.class.php 第 32 行.
NOTIC: [8] Use of undefined constant id - assumed 'id' F:\git\lenovo\App\Home\Controller\IndexController.class.php 第 32 行.
NOTIC: [8] Use of undefined constant zi - assumed 'zi' F:\git\lenovo\App\Home\Controller\IndexController.class.php 第 31 行.
NOTIC: [8] Use of undefined constant id - assumed 'id' F:\git\lenovo\App\Home\Controller\IndexController.class.php 第 32 行.
NOTIC: [8] Use of undefined constant id - assumed 'id' F:\git\lenovo\App\Home\Controller\IndexController.class.php 第 32 行.
SQL: SELECT * FROM `yzm_goods` WHERE ( cid in(25,26,27,28) ) LIMIT 8   [ RunTime:0.0050s ]
NOTIC: [8] Use of undefined constant zi - assumed 'zi' F:\git\lenovo\App\Home\Controller\IndexController.class.php 第 30 行.
NOTIC: [8] Use of undefined constant zi - assumed 'zi' F:\git\lenovo\App\Home\Controller\IndexController.class.php 第 31 行.
NOTIC: [8] Use of undefined constant id - assumed 'id' F:\git\lenovo\App\Home\Controller\IndexController.class.php 第 32 行.
NOTIC: [8] Use of undefined constant id - assumed 'id' F:\git\lenovo\App\Home\Controller\IndexController.class.php 第 32 行.
NOTIC: [8] Use of undefined constant zi - assumed 'zi' F:\git\lenovo\App\Home\Controller\IndexController.class.php 第 31 行.
NOTIC: [8] Use of undefined constant id - assumed 'id' F:\git\lenovo\App\Home\Controller\IndexController.class.php 第 32 行.
NOTIC: [8] Use of undefined constant id - assumed 'id' F:\git\lenovo\App\Home\Controller\IndexController.class.php 第 32 行.
SQL: SELECT * FROM `yzm_goods` WHERE ( cid in(29,30,31,32) ) LIMIT 8   [ RunTime:0.0070s ]
SQL: SHOW COLUMNS FROM `yzm_slider` [ RunTime:0.0070s ]
SQL: SELECT * FROM `yzm_slider` ORDER BY sort desc  [ RunTime:0.0050s ]
SQL: SELECT * FROM `yzm_classads`  [ RunTime:0.0050s ]
SQL: SELECT * FROM `yzm_goods` LIMIT 6   [ RunTime:0.0390s ]
INFO: [ view_parse ] --START--
INFO: [ template_filter ] --START--
INFO: Run Behavior\ContentReplaceBehavior [ RunTime:0.040002s ]
INFO: [ template_filter ] --END-- [ RunTime:0.042002s ]
NOTIC: [8] Use of undefined constant id - assumed 'id' F:\git\lenovo\App\Runtime\Cache\Home\00e52909bed743ea261af4b6823297ff.php 第 192 行.
NOTIC: [8] Use of undefined constant cname - assumed 'cname' F:\git\lenovo\App\Runtime\Cache\Home\00e52909bed743ea261af4b6823297ff.php 第 192 行.
NOTIC: [8] Use of undefined constant id - assumed 'id' F:\git\lenovo\App\Runtime\Cache\Home\00e52909bed743ea261af4b6823297ff.php 第 202 行.
NOTIC: [8] Use of undefined constant cname - assumed 'cname' F:\git\lenovo\App\Runtime\Cache\Home\00e52909bed743ea261af4b6823297ff.php 第 202 行.
NOTIC: [8] Use of undefined constant id - assumed 'id' F:\git\lenovo\App\Runtime\Cache\Home\00e52909bed743ea261af4b6823297ff.php 第 205 行.
NOTIC: [8] Use of undefined constant id - assumed 'id' F:\git\lenovo\App\Runtime\Cache\Home\00e52909bed743ea261af4b6823297ff.php 第 205 行.
NOTIC: [8] Use of undefined constant id - assumed 'id' F:\git\lenovo\App\Runtime\Cache\Home\00e52909bed743ea261af4b6823297ff.php 第 202 行.
NOTIC: [8] Use of undefined constant cname - assumed 'cname' F:\git\lenovo\App\Runtime\Cache\Home\00e52909bed743ea261af4b6823297ff.php 第 202 行.
NOTIC: [8] Use of undefined constant id - assumed 'id' F:\git\lenovo\App\Runtime\Cache\Home\00e52909bed743ea261af4b6823297ff.php 第 205 行.
NOTIC: [8] Use of undefined constant id - assumed 'id' F:\git\lenovo\App\Runtime\Cache\Home\00e52909bed743ea261af4b6823297ff.php 第 205 行.
NOTIC: [8] Use of undefined constant url - assumed 'url' F:\git\lenovo\App\Runtime\Cache\Home\00e52909bed743ea261af4b6823297ff.php 第 216 行.
NOTIC: [8] Use of undefined constant img - assumed 'img' F:\git\lenovo\App\Runtime\Cache\Home\00e52909bed743ea261af4b6823297ff.php 第 217 行.
NOTIC: [8] Use of undefined constant url - assumed 'url' F:\git\lenovo\App\Runtime\Cache\Home\00e52909bed743ea261af4b6823297ff.php 第 216 行.
NOTIC: [8] Use of undefined constant img - assumed 'img' F:\git\lenovo\App\Runtime\Cache\Home\00e52909bed743ea261af4b6823297ff.php 第 217 行.
NOTIC: [8] Use of undefined constant id - assumed 'id' F:\git\lenovo\App\Runtime\Cache\Home\00e52909bed743ea261af4b6823297ff.php 第 192 行.
NOTIC: [8] Use of undefined constant cname - assumed 'cname' F:\git\lenovo\App\Runtime\Cache\Home\00e52909bed743ea261af4b6823297ff.php 第 192 行.
NOTIC: [8] Use of undefined constant id - assumed 'id' F:\git\lenovo\App\Runtime\Cache\Home\00e52909bed743ea261af4b6823297ff.php 第 202 行.
NOTIC: [8] Use of undefined constant cname - assumed 'cname' F:\git\lenovo\App\Runtime\Cache\Home\00e52909bed743ea261af4b6823297ff.php 第 202 行.
NOTIC: [8] Use of undefined constant id - assumed 'id' F:\git\lenovo\App\Runtime\Cache\Home\00e52909bed743ea261af4b6823297ff.php 第 205 行.
NOTIC: [8] Use of undefined constant id - assumed 'id' F:\git\lenovo\App\Runtime\Cache\Home\00e52909bed743ea261af4b6823297ff.php 第 205 行.
NOTIC: [8] Use of undefined constant id - assumed 'id' F:\git\lenovo\App\Runtime\Cache\Home\00e52909bed743ea261af4b6823297ff.php 第 202 行.
NOTIC: [8] Use of undefined constant cname - assumed 'cname' F:\git\lenovo\App\Runtime\Cache\Home\00e52909bed743ea261af4b6823297ff.php 第 202 行.
NOTIC: [8] Use of undefined constant id - assumed 'id' F:\git\lenovo\App\Runtime\Cache\Home\00e52909bed743ea261af4b6823297ff.php 第 205 行.
NOTIC: [8] Use of undefined constant id - assumed 'id' F:\git\lenovo\App\Runtime\Cache\Home\00e52909bed743ea261af4b6823297ff.php 第 205 行.
NOTIC: [8] Use of undefined constant url - assumed 'url' F:\git\lenovo\App\Runtime\Cache\Home\00e52909bed743ea261af4b6823297ff.php 第 216 行.
NOTIC: [8] Use of undefined constant img - assumed 'img' F:\git\lenovo\App\Runtime\Cache\Home\00e52909bed743ea261af4b6823297ff.php 第 217 行.
NOTIC: [8] Use of undefined constant url - assumed 'url' F:\git\lenovo\App\Runtime\Cache\Home\00e52909bed743ea261af4b6823297ff.php 第 216 行.
NOTIC: [8] Use of undefined constant img - assumed 'img' F:\git\lenovo\App\Runtime\Cache\Home\00e52909bed743ea261af4b6823297ff.php 第 217 行.
NOTIC: [8] Use of undefined constant id - assumed 'id' F:\git\lenovo\App\Runtime\Cache\Home\00e52909bed743ea261af4b6823297ff.php 第 192 行.
NOTIC: [8] Use of undefined constant cname - assumed 'cname' F:\git\lenovo\App\Runtime\Cache\Home\00e52909bed743ea261af4b6823297ff.php 第 192 行.
NOTIC: [8] Use of undefined constant id - assumed 'id' F:\git\lenovo\App\Runtime\Cache\Home\00e52909bed743ea261af4b6823297ff.php 第 202 行.
NOTIC: [8] Use of undefined constant cname - assumed 'cname' F:\git\lenovo\App\Runtime\Cache\Home\00e52909bed743ea261af4b6823297ff.php 第 202 行.
NOTIC: [8] Use of undefined constant id - assumed 'id' F:\git\lenovo\App\Runtime\Cache\Home\00e52909bed743ea261af4b6823297ff.php 第 205 行.
NOTIC: [8] Use of undefined constant id - assumed 'id' F:\git\lenovo\App\Runtime\Cache\Home\00e52909bed743ea261af4b6823297ff.php 第 205 行.
NOTIC: [8] Use of undefined constant id - assumed 'id' F:\git\lenovo\App\Runtime\Cache\Home\00e52909bed743ea261af4b6823297ff.php 第 202 行.
NOTIC: [8] Use of undefined constant cname - assumed 'cname' F:\git\lenovo\App\Runtime\Cache\Home\00e52909bed743ea261af4b6823297ff.php 第 202 行.
NOTIC: [8] Use of undefined constant id - assumed 'id' F:\git\lenovo\App\Runtime\Cache\Home\00e52909bed743ea261af4b6823297ff.php 第 205 行.
NOTIC: [8] Use of undefined constant id - assumed 'id' F:\git\lenovo\App\Runtime\Cache\Home\00e52909bed743ea261af4b6823297ff.php 第 205 行.
NOTIC: [8] Use of undefined constant url - assumed 'url' F:\git\lenovo\App\Runtime\Cache\Home\00e52909bed743ea261af4b6823297ff.php 第 216 行.
NOTIC: [8] Use of undefined constant img - assumed 'img' F:\git\lenovo\App\Runtime\Cache\Home\00e52909bed743ea261af4b6823297ff.php 第 217 行.
NOTIC: [8] Use of undefined constant url - assumed 'url' F:\git\lenovo\App\Runtime\Cache\Home\00e52909bed743ea261af4b6823297ff.php 第 216 行.
NOTIC: [8] Use of undefined constant img - assumed 'img' F:\git\lenovo\App\Runtime\Cache\Home\00e52909bed743ea261af4b6823297ff.php 第 217 行.
NOTIC: [8] Use of undefined constant url - assumed 'url' F:\git\lenovo\App\Runtime\Cache\Home\00e52909bed743ea261af4b6823297ff.php 第 234 行.
NOTIC: [8] Use of undefined constant img - assumed 'img' F:\git\lenovo\App\Runtime\Cache\Home\00e52909bed743ea261af4b6823297ff.php 第 234 行.
NOTIC: [8] Use of undefined constant url - assumed 'url' F:\git\lenovo\App\Runtime\Cache\Home\00e52909bed743ea261af4b6823297ff.php 第 236 行.
NOTIC: [8] Use of undefined constant img - assumed 'img' F:\git\lenovo\App\Runtime\Cache\Home\00e52909bed743ea261af4b6823297ff.php 第 236 行.
NOTIC: [8] Use of undefined constant url - assumed 'url' F:\git\lenovo\App\Runtime\Cache\Home\00e52909bed743ea261af4b6823297ff.php 第 236 行.
NOTIC: [8] Use of undefined constant img - assumed 'img' F:\git\lenovo\App\Runtime\Cache\Home\00e52909bed743ea261af4b6823297ff.php 第 236 行.
NOTIC: [8] Use of undefined constant url - assumed 'url' F:\git\lenovo\App\Runtime\Cache\Home\00e52909bed743ea261af4b6823297ff.php 第 236 行.
NOTIC: [8] Use of undefined constant img - assumed 'img' F:\git\lenovo\App\Runtime\Cache\Home\00e52909bed743ea261af4b6823297ff.php 第 236 行.
NOTIC: [8] Use of undefined constant url - assumed 'url' F:\git\lenovo\App\Runtime\Cache\Home\00e52909bed743ea261af4b6823297ff.php 第 301 行.
NOTIC: [8] Use of undefined constant img - assumed 'img' F:\git\lenovo\App\Runtime\Cache\Home\00e52909bed743ea261af4b6823297ff.php 第 302 行.
NOTIC: [8] Use of undefined constant url - assumed 'url' F:\git\lenovo\App\Runtime\Cache\Home\00e52909bed743ea261af4b6823297ff.php 第 301 行.
NOTIC: [8] Use of undefined constant img - assumed 'img' F:\git\lenovo\App\Runtime\Cache\Home\00e52909bed743ea261af4b6823297ff.php 第 302 行.
NOTIC: [8] Use of undefined constant url - assumed 'url' F:\git\lenovo\App\Runtime\Cache\Home\00e52909bed743ea261af4b6823297ff.php 第 301 行.
NOTIC: [8] Use of undefined constant img - assumed 'img' F:\git\lenovo\App\Runtime\Cache\Home\00e52909bed743ea261af4b6823297ff.php 第 302 行.
NOTIC: [8] Use of undefined constant url - assumed 'url' F:\git\lenovo\App\Runtime\Cache\Home\00e52909bed743ea261af4b6823297ff.php 第 301 行.
NOTIC: [8] Use of undefined constant img - assumed 'img' F:\git\lenovo\App\Runtime\Cache\Home\00e52909bed743ea261af4b6823297ff.php 第 302 行.
NOTIC: [8] Use of undefined constant url - assumed 'url' F:\git\lenovo\App\Runtime\Cache\Home\00e52909bed743ea261af4b6823297ff.php 第 301 行.
NOTIC: [8] Use of undefined constant img - assumed 'img' F:\git\lenovo\App\Runtime\Cache\Home\00e52909bed743ea261af4b6823297ff.php 第 302 行.
NOTIC: [8] Use of undefined constant url - assumed 'url' F:\git\lenovo\App\Runtime\Cache\Home\00e52909bed743ea261af4b6823297ff.php 第 301 行.
NOTIC: [8] Use of undefined constant img - assumed 'img' F:\git\lenovo\App\Runtime\Cache\Home\00e52909bed743ea261af4b6823297ff.php 第 302 行.
NOTIC: [8] Use of undefined constant url - assumed 'url' F:\git\lenovo\App\Runtime\Cache\Home\00e52909bed743ea261af4b6823297ff.php 第 301 行.
NOTIC: [8] Use of undefined constant img - assumed 'img' F:\git\lenovo\App\Runtime\Cache\Home\00e52909bed743ea261af4b6823297ff.php 第 302 行.
NOTIC: [8] Use of undefined constant url - assumed 'url' F:\git\lenovo\App\Runtime\Cache\Home\00e52909bed743ea261af4b6823297ff.php 第 301 行.
NOTIC: [8] Use of undefined constant img - assumed 'img' F:\git\lenovo\App\Runtime\Cache\Home\00e52909bed743ea261af4b6823297ff.php 第 302 行.
NOTIC: [8] Use of undefined constant url - assumed 'url' F:\git\lenovo\App\Runtime\Cache\Home\00e52909bed743ea261af4b6823297ff.php 第 301 行.
NOTIC: [8] Use of undefined constant img - assumed 'img' F:\git\lenovo\App\Runtime\Cache\Home\00e52909bed743ea261af4b6823297ff.php 第 302 行.
NOTIC: [8] Use of undefined constant id - assumed 'id' F:\git\lenovo\App\Runtime\Cache\Home\00e52909bed743ea261af4b6823297ff.php 第 319 行.
NOTIC: [8] Use of undefined constant img - assumed 'img' F:\git\lenovo\App\Runtime\Cache\Home\00e52909bed743ea261af4b6823297ff.php 第 320 行.
NOTIC: [8] Use of undefined constant id - assumed 'id' F:\git\lenovo\App\Runtime\Cache\Home\00e52909bed743ea261af4b6823297ff.php 第 323 行.
NOTIC: [8] Use of undefined constant name - assumed 'name' F:\git\lenovo\App\Runtime\Cache\Home\00e52909bed743ea261af4b6823297ff.php 第 323 行.
NOTIC: [8] Use of undefined constant id - assumed 'id' F:\git\lenovo\App\Runtime\Cache\Home\00e52909bed743ea261af4b6823297ff.php 第 326 行.
NOTIC: [8] Use of undefined constant info - assumed 'info' F:\git\lenovo\App\Runtime\Cache\Home\00e52909bed743ea261af4b6823297ff.php 第 326 行.
NOTIC: [8] Use of undefined constant id - assumed 'id' F:\git\lenovo\App\Runtime\Cache\Home\00e52909bed743ea261af4b6823297ff.php 第 328 行.
NOTIC: [8] Use of undefined constant price - assumed 'price' F:\git\lenovo\App\Runtime\Cache\Home\00e52909bed743ea261af4b6823297ff.php 第 328 行.
NOTIC: [8] Use of undefined constant id - assumed 'id' F:\git\lenovo\App\Runtime\Cache\Home\00e52909bed743ea261af4b6823297ff.php 第 319 行.
NOTIC: [8] Use of undefined constant img - assumed 'img' F:\git\lenovo\App\Runtime\Cache\Home\00e52909bed743ea261af4b6823297ff.php 第 320 行.
NOTIC: [8] Use of undefined constant id - assumed 'id' F:\git\lenovo\App\Runtime\Cache\Home\00e52909bed743ea261af4b6823297ff.php 第 323 行.
NOTIC: [8] Use of undefined constant name - assumed 'name' F:\git\lenovo\App\Runtime\Cache\Home\00e52909bed743ea261af4b6823297ff.php 第 323 行.
NOTIC: [8] Use of undefined constant id - assumed 'id' F:\git\lenovo\App\Runtime\Cache\Home\00e52909bed743ea261af4b6823297ff.php 第 326 行.
NOTIC: [8] Use of undefined constant info - assumed 'info' F:\git\lenovo\App\Runtime\Cache\Home\00e52909bed743ea261af4b6823297ff.php 第 326 行.
NOTIC: [8] Use of undefined constant id - assumed 'id' F:\git\lenovo\App\Runtime\Cache\Home\00e52909bed743ea261af4b6823297ff.php 第 328 行.
NOTIC: [8] Use of undefined constant price - assumed 'price' F:\git\lenovo\App\Runtime\Cache\Home\00e52909bed743ea261af4b6823297ff.php 第 328 行.
NOTIC: [8] Use of undefined constant id - assumed 'id' F:\git\lenovo\App\Runtime\Cache\Home\00e52909bed743ea261af4b6823297ff.php 第 319 行.
NOTIC: [8] Use of undefined constant img - assumed 'img' F:\git\lenovo\App\Runtime\Cache\Home\00e52909bed743ea261af4b6823297ff.php 第 320 行.
NOTIC: [8] Use of undefined constant id - assumed 'id' F:\git\lenovo\App\Runtime\Cache\Home\00e52909bed743ea261af4b6823297ff.php 第 323 行.
NOTIC: [8] Use of undefined constant name - assumed 'name' F:\git\lenovo\App\Runtime\Cache\Home\00e52909bed743ea261af4b6823297ff.php 第 323 行.
NOTIC: [8] Use of undefined constant id - assumed 'id' F:\git\lenovo\App\Runtime\Cache\Home\00e52909bed743ea261af4b6823297ff.php 第 326 行.
NOTIC: [8] Use of undefined constant info - assumed 'info' F:\git\lenovo\App\Runtime\Cache\Home\00e52909bed743ea261af4b6823297ff.php 第 326 行.
NOTIC: [8] Use of undefined constant id - assumed 'id' F:\git\lenovo\App\Runtime\Cache\Home\00e52909bed743ea261af4b6823297ff.php 第 328 行.
NOTIC: [8] Use of undefined constant price - assumed 'price' F:\git\lenovo\App\Runtime\Cache\Home\00e52909bed743ea261af4b6823297ff.php 第 328 行.
NOTIC: [8] Use of undefined constant id - assumed 'id' F:\git\lenovo\App\Runtime\Cache\Home\00e52909bed743ea261af4b6823297ff.php 第 319 行.
NOTIC: [8] Use of undefined constant img - assumed 'img' F:\git\lenovo\App\Runtime\Cache\Home\00e52909bed743ea261af4b6823297ff.php 第 320 行.
NOTIC: [8] Use of undefined constant id - assumed 'id' F:\git\lenovo\App\Runtime\Cache\Home\00e52909bed743ea261af4b6823297ff.php 第 323 行.
NOTIC: [8] Use of undefined constant name - assumed 'name' F:\git\lenovo\App\Runtime\Cache\Home\00e52909bed743ea261af4b6823297ff.php 第 323 行.
NOTIC: [8] Use of undefined constant id - assumed 'id' F:\git\lenovo\App\Runtime\Cache\Home\00e52909bed743ea261af4b6823297ff.php 第 326 行.
NOTIC: [8] Use of undefined constant info - assumed 'info' F:\git\lenovo\App\Runtime\Cache\Home\00e52909bed743ea261af4b6823297ff.php 第 326 行.
NOTIC: [8] Use of undefined constant id - assumed 'id' F:\git\lenovo\App\Runtime\Cache\Home\00e52909bed743ea261af4b6823297ff.php 第 328 行.
NOTIC: [8] Use of undefined constant price - assumed 'price' F:\git\lenovo\App\Runtime\Cache\Home\00e52909bed743ea261af4b6823297ff.php 第 328 行.
NOTIC: [8] Use of undefined constant id - assumed 'id' F:\git\lenovo\App\Runtime\Cache\Home\00e52909bed743ea261af4b6823297ff.php 第 319 行.
NOTIC: [8] Use of undefined constant img - assumed 'img' F:\git\lenovo\App\Runtime\Cache\Home\00e52909bed743ea261af4b6823297ff.php 第 320 行.
NOTIC: [8] Use of undefined constant id - assumed 'id' F:\git\lenovo\App\Runtime\Cache\Home\00e52909bed743ea261af4b6823297ff.php 第 323 行.
NOTIC: [8] Use of undefined constant name - assumed 'name' F:\git\lenovo\App\Runtime\Cache\Home\00e52909bed743ea261af4b6823297ff.php 第 323 行.
NOTIC: [8] Use of undefined constant id - assumed 'id' F:\git\lenovo\App\Runtime\Cache\Home\00e52909bed743ea261af4b6823297ff.php 第 326 行.
NOTIC: [8] Use of undefined constant info - assumed 'info' F:\git\lenovo\App\Runtime\Cache\Home\00e52909bed743ea261af4b6823297ff.php 第 326 行.
NOTIC: [8] Use of undefined constant id - assumed 'id' F:\git\lenovo\App\Runtime\Cache\Home\00e52909bed743ea261af4b6823297ff.php 第 328 行.
NOTIC: [8] Use of undefined constant price - assumed 'price' F:\git\lenovo\App\Runtime\Cache\Home\00e52909bed743ea261af4b6823297ff.php 第 328 行.
NOTIC: [8] Use of undefined constant id - assumed 'id' F:\git\lenovo\App\Runtime\Cache\Home\00e52909bed743ea261af4b6823297ff.php 第 319 行.
NOTIC: [8] Use of undefined constant img - assumed 'img' F:\git\lenovo\App\Runtime\Cache\Home\00e52909bed743ea261af4b6823297ff.php 第 320 行.
NOTIC: [8] Use of undefined constant id - assumed 'id' F:\git\lenovo\App\Runtime\Cache\Home\00e52909bed743ea261af4b6823297ff.php 第 323 行.
NOTIC: [8] Use of undefined constant name - assumed 'name' F:\git\lenovo\App\Runtime\Cache\Home\00e52909bed743ea261af4b6823297ff.php 第 323 行.
NOTIC: [8] Use of undefined constant id - assumed 'id' F:\git\lenovo\App\Runtime\Cache\Home\00e52909bed743ea261af4b6823297ff.php 第 326 行.
NOTIC: [8] Use of undefined constant info - assumed 'info' F:\git\lenovo\App\Runtime\Cache\Home\00e52909bed743ea261af4b6823297ff.php 第 326 行.
NOTIC: [8] Use of undefined constant id - assumed 'id' F:\git\lenovo\App\Runtime\Cache\Home\00e52909bed743ea261af4b6823297ff.php 第 328 行.
NOTIC: [8] Use of undefined constant price - assumed 'price' F:\git\lenovo\App\Runtime\Cache\Home\00e52909bed743ea261af4b6823297ff.php 第 328 行.
NOTIC: [8] Undefined variable: a F:\git\lenovo\App\Runtime\Cache\Home\00e52909bed743ea261af4b6823297ff.php 第 343 行.
NOTIC: [8] Use of undefined constant cname - assumed 'cname' F:\git\lenovo\App\Runtime\Cache\Home\00e52909bed743ea261af4b6823297ff.php 第 346 行.
NOTIC: [8] Use of undefined constant cname - assumed 'cname' F:\git\lenovo\App\Runtime\Cache\Home\00e52909bed743ea261af4b6823297ff.php 第 348 行.
NOTIC: [8] Use of undefined constant cname - assumed 'cname' F:\git\lenovo\App\Runtime\Cache\Home\00e52909bed743ea261af4b6823297ff.php 第 348 行.
NOTIC: [8] Use of undefined constant url - assumed 'url' F:\git\lenovo\App\Runtime\Cache\Home\00e52909bed743ea261af4b6823297ff.php 第 354 行.
NOTIC: [8] Use of undefined constant img - assumed 'img' F:\git\lenovo\App\Runtime\Cache\Home\00e52909bed743ea261af4b6823297ff.php 第 354 行.
NOTIC: [8] Use of undefined constant img - assumed 'img' F:\git\lenovo\App\Runtime\Cache\Home\00e52909bed743ea261af4b6823297ff.php 第 360 行.
NOTIC: [8] Use of undefined constant name - assumed 'name' F:\git\lenovo\App\Runtime\Cache\Home\00e52909bed743ea261af4b6823297ff.php 第 362 行.
NOTIC: [8] Use of undefined constant info - assumed 'info' F:\git\lenovo\App\Runtime\Cache\Home\00e52909bed743ea261af4b6823297ff.php 第 364 行.
NOTIC: [8] Use of undefined constant price - assumed 'price' F:\git\lenovo\App\Runtime\Cache\Home\00e52909bed743ea261af4b6823297ff.php 第 366 行.
NOTIC: [8] Use of undefined constant type - assumed 'type' F:\git\lenovo\App\Runtime\Cache\Home\00e52909bed743ea261af4b6823297ff.php 第 368 行.
NOTIC: [8] Use of undefined constant img - assumed 'img' F:\git\lenovo\App\Runtime\Cache\Home\00e52909bed743ea261af4b6823297ff.php 第 360 行.
NOTIC: [8] Use of undefined constant name - assumed 'name' F:\git\lenovo\App\Runtime\Cache\Home\00e52909bed743ea261af4b6823297ff.php 第 362 行.
NOTIC: [8] Use of undefined constant info - assumed 'info' F:\git\lenovo\App\Runtime\Cache\Home\00e52909bed743ea261af4b6823297ff.php 第 364 行.
NOTIC: [8] Use of undefined constant price - assumed 'price' F:\git\lenovo\App\Runtime\Cache\Home\00e52909bed743ea261af4b6823297ff.php 第 366 行.
NOTIC: [8] Use of undefined constant type - assumed 'type' F:\git\lenovo\App\Runtime\Cache\Home\00e52909bed743ea261af4b6823297ff.php 第 368 行.
NOTIC: [8] Use of undefined constant cname - assumed 'cname' F:\git\lenovo\App\Runtime\Cache\Home\00e52909bed743ea261af4b6823297ff.php 第 346 行.
NOTIC: [8] Use of undefined constant cname - assumed 'cname' F:\git\lenovo\App\Runtime\Cache\Home\00e52909bed743ea261af4b6823297ff.php 第 348 行.
NOTIC: [8] Use of undefined constant cname - assumed 'cname' F:\git\lenovo\App\Runtime\Cache\Home\00e52909bed743ea261af4b6823297ff.php 第 348 行.
NOTIC: [8] Use of undefined constant url - assumed 'url' F:\git\lenovo\App\Runtime\Cache\Home\00e52909bed743ea261af4b6823297ff.php 第 354 行.
NOTIC: [8] Use of undefined constant img - assumed 'img' F:\git\lenovo\App\Runtime\Cache\Home\00e52909bed743ea261af4b6823297ff.php 第 354 行.
NOTIC: [8] Use of undefined constant img - assumed 'img' F:\git\lenovo\App\Runtime\Cache\Home\00e52909bed743ea261af4b6823297ff.php 第 360 行.
NOTIC: [8] Use of undefined constant name - assumed 'name' F:\git\lenovo\App\Runtime\Cache\Home\00e52909bed743ea261af4b6823297ff.php 第 362 行.
NOTIC: [8] Use of undefined constant info - assumed 'info' F:\git\lenovo\App\Runtime\Cache\Home\00e52909bed743ea261af4b6823297ff.php 第 364 行.
NOTIC: [8] Use of undefined constant price - assumed 'price' F:\git\lenovo\App\Runtime\Cache\Home\00e52909bed743ea261af4b6823297ff.php 第 366 行.
NOTIC: [8] Use of undefined constant type - assumed 'type' F:\git\lenovo\App\Runtime\Cache\Home\00e52909bed743ea261af4b6823297ff.php 第 368 行.
NOTIC: [8] Use of undefined constant img - assumed 'img' F:\git\lenovo\App\Runtime\Cache\Home\00e52909bed743ea261af4b6823297ff.php 第 360 行.
NOTIC: [8] Use of undefined constant name - assumed 'name' F:\git\lenovo\App\Runtime\Cache\Home\00e52909bed743ea261af4b6823297ff.php 第 362 行.
NOTIC: [8] Use of undefined constant info - assumed 'info' F:\git\lenovo\App\Runtime\Cache\Home\00e52909bed743ea261af4b6823297ff.php 第 364 行.
NOTIC: [8] Use of undefined constant price - assumed 'price' F:\git\lenovo\App\Runtime\Cache\Home\00e52909bed743ea261af4b6823297ff.php 第 366 行.
NOTIC: [8] Use of undefined constant type - assumed 'type' F:\git\lenovo\App\Runtime\Cache\Home\00e52909bed743ea261af4b6823297ff.php 第 368 行.
NOTIC: [8] Use of undefined constant img - assumed 'img' F:\git\lenovo\App\Runtime\Cache\Home\00e52909bed743ea261af4b6823297ff.php 第 360 行.
NOTIC: [8] Use of undefined constant name - assumed 'name' F:\git\lenovo\App\Runtime\Cache\Home\00e52909bed743ea261af4b6823297ff.php 第 362 行.
NOTIC: [8] Use of undefined constant info - assumed 'info' F:\git\lenovo\App\Runtime\Cache\Home\00e52909bed743ea261af4b6823297ff.php 第 364 行.
NOTIC: [8] Use of undefined constant price - assumed 'price' F:\git\lenovo\App\Runtime\Cache\Home\00e52909bed743ea261af4b6823297ff.php 第 366 行.
NOTIC: [8] Use of undefined constant type - assumed 'type' F:\git\lenovo\App\Runtime\Cache\Home\00e52909bed743ea261af4b6823297ff.php 第 368 行.
NOTIC: [8] Use of undefined constant cname - assumed 'cname' F:\git\lenovo\App\Runtime\Cache\Home\00e52909bed743ea261af4b6823297ff.php 第 346 行.
NOTIC: [8] Use of undefined constant cname - assumed 'cname' F:\git\lenovo\App\Runtime\Cache\Home\00e52909bed743ea261af4b6823297ff.php 第 348 行.
NOTIC: [8] Use of undefined constant cname - assumed 'cname' F:\git\lenovo\App\Runtime\Cache\Home\00e52909bed743ea261af4b6823297ff.php 第 348 行.
NOTIC: [8] Use of undefined constant url - assumed 'url' F:\git\lenovo\App\Runtime\Cache\Home\00e52909bed743ea261af4b6823297ff.php 第 354 行.
NOTIC: [8] Use of undefined constant img - assumed 'img' F:\git\lenovo\App\Runtime\Cache\Home\00e52909bed743ea261af4b6823297ff.php 第 354 行.
NOTIC: [8] Use of undefined constant img - assumed 'img' F:\git\lenovo\App\Runtime\Cache\Home\00e52909bed743ea261af4b6823297ff.php 第 360 行.
NOTIC: [8] Use of undefined constant name - assumed 'name' F:\git\lenovo\App\Runtime\Cache\Home\00e52909bed743ea261af4b6823297ff.php 第 362 行.
NOTIC: [8] Use of undefined constant info - assumed 'info' F:\git\lenovo\App\Runtime\Cache\Home\00e52909bed743ea261af4b6823297ff.php 第 364 行.
NOTIC: [8] Use of undefined constant price - assumed 'price' F:\git\lenovo\App\Runtime\Cache\Home\00e52909bed743ea261af4b6823297ff.php 第 366 行.
NOTIC: [8] Use of undefined constant type - assumed 'type' F:\git\lenovo\App\Runtime\Cache\Home\00e52909bed743ea261af4b6823297ff.php 第 368 行.
NOTIC: [8] Use of undefined constant img - assumed 'img' F:\git\lenovo\App\Runtime\Cache\Home\00e52909bed743ea261af4b6823297ff.php 第 360 行.
NOTIC: [8] Use of undefined constant name - assumed 'name' F:\git\lenovo\App\Runtime\Cache\Home\00e52909bed743ea261af4b6823297ff.php 第 362 行.
NOTIC: [8] Use of undefined constant info - assumed 'info' F:\git\lenovo\App\Runtime\Cache\Home\00e52909bed743ea261af4b6823297ff.php 第 364 行.
NOTIC: [8] Use of undefined constant price - assumed 'price' F:\git\lenovo\App\Runtime\Cache\Home\00e52909bed743ea261af4b6823297ff.php 第 366 行.
NOTIC: [8] Use of undefined constant type - assumed 'type' F:\git\lenovo\App\Runtime\Cache\Home\00e52909bed743ea261af4b6823297ff.php 第 368 行.
NOTIC: [8] Use of undefined constant img - assumed 'img' F:\git\lenovo\App\Runtime\Cache\Home\00e52909bed743ea261af4b6823297ff.php 第 360 行.
NOTIC: [8] Use of undefined constant name - assumed 'name' F:\git\lenovo\App\Runtime\Cache\Home\00e52909bed743ea261af4b6823297ff.php 第 362 行.
NOTIC: [8] Use of undefined constant info - assumed 'info' F:\git\lenovo\App\Runtime\Cache\Home\00e52909bed743ea261af4b6823297ff.php 第 364 行.
NOTIC: [8] Use of undefined constant price - assumed 'price' F:\git\lenovo\App\Runtime\Cache\Home\00e52909bed743ea261af4b6823297ff.php 第 366 行.
NOTIC: [8] Use of undefined constant type - assumed 'type' F:\git\lenovo\App\Runtime\Cache\Home\00e52909bed743ea261af4b6823297ff.php 第 368 行.
NOTIC: [8] Use of undefined constant img - assumed 'img' F:\git\lenovo\App\Runtime\Cache\Home\00e52909bed743ea261af4b6823297ff.php 第 360 行.
NOTIC: [8] Use of undefined constant name - assumed 'name' F:\git\lenovo\App\Runtime\Cache\Home\00e52909bed743ea261af4b6823297ff.php 第 362 行.
NOTIC: [8] Use of undefined constant info - assumed 'info' F:\git\lenovo\App\Runtime\Cache\Home\00e52909bed743ea261af4b6823297ff.php 第 364 行.
NOTIC: [8] Use of undefined constant price - assumed 'price' F:\git\lenovo\App\Runtime\Cache\Home\00e52909bed743ea261af4b6823297ff.php 第 366 行.
NOTIC: [8] Use of undefined constant type - assumed 'type' F:\git\lenovo\App\Runtime\Cache\Home\00e52909bed743ea261af4b6823297ff.php 第 368 行.
NOTIC: [8] Use of undefined constant img - assumed 'img' F:\git\lenovo\App\Runtime\Cache\Home\00e52909bed743ea261af4b6823297ff.php 第 360 行.
NOTIC: [8] Use of undefined constant name - assumed 'name' F:\git\lenovo\App\Runtime\Cache\Home\00e52909bed743ea261af4b6823297ff.php 第 362 行.
NOTIC: [8] Use of undefined constant info - assumed 'info' F:\git\lenovo\App\Runtime\Cache\Home\00e52909bed743ea261af4b6823297ff.php 第 364 行.
NOTIC: [8] Use of undefined constant price - assumed 'price' F:\git\lenovo\App\Runtime\Cache\Home\00e52909bed743ea261af4b6823297ff.php 第 366 行.
NOTIC: [8] Use of undefined constant type - assumed 'type' F:\git\lenovo\App\Runtime\Cache\Home\00e52909bed743ea261af4b6823297ff.php 第 368 行.
NOTIC: [8] Use of undefined constant img - assumed 'img' F:\git\lenovo\App\Runtime\Cache\Home\00e52909bed743ea261af4b6823297ff.php 第 360 行.
NOTIC: [8] Use of undefined constant name - assumed 'name' F:\git\lenovo\App\Runtime\Cache\Home\00e52909bed743ea261af4b6823297ff.php 第 362 行.
NOTIC: [8] Use of undefined constant info - assumed 'info' F:\git\lenovo\App\Runtime\Cache\Home\00e52909bed743ea261af4b6823297ff.php 第 364 行.
NOTIC: [8] Use of undefined constant price - assumed 'price' F:\git\lenovo\App\Runtime\Cache\Home\00e52909bed743ea261af4b6823297ff.php 第 366 行.
NOTIC: [8] Use of undefined constant type - assumed 'type' F:\git\lenovo\App\Runtime\Cache\Home\00e52909bed743ea261af4b6823297ff.php 第 368 行.
NOTIC: [8] Use of undefined constant img - assumed 'img' F:\git\lenovo\App\Runtime\Cache\Home\00e52909bed743ea261af4b6823297ff.php 第 360 行.
NOTIC: [8] Use of undefined constant name - assumed 'name' F:\git\lenovo\App\Runtime\Cache\Home\00e52909bed743ea261af4b6823297ff.php 第 362 行.
NOTIC: [8] Use of undefined constant info - assumed 'info' F:\git\lenovo\App\Runtime\Cache\Home\00e52909bed743ea261af4b6823297ff.php 第 364 行.
NOTIC: [8] Use of undefined constant price - assumed 'price' F:\git\lenovo\App\Runtime\Cache\Home\00e52909bed743ea261af4b6823297ff.php 第 366 行.
NOTIC: [8] Use of undefined constant type - assumed 'type' F:\git\lenovo\App\Runtime\Cache\Home\00e52909bed743ea261af4b6823297ff.php 第 368 行.
INFO: Run Behavior\ParseTemplateBehavior [ RunTime:0.200012s ]
INFO: [ view_parse ] --END-- [ RunTime:0.200012s ]
INFO: [ view_filter ] --START--
INFO: Run Behavior\WriteHtmlCacheBehavior [ RunTime:0.001000s ]
INFO: [ view_filter ] --END-- [ RunTime:0.001000s ]
INFO: [ app_end ] --START--
INFO: Run Behavior\ShowPageTraceBehavior [ RunTime:0.001000s ]
INFO: [ app_end ] --END-- [ RunTime:0.001000s ]

