[ 2016-12-28T16:02:35+08:00 ] ::1 /lenovo/admin.php/Index/clears.html
INFO: [ app_init ] --START--
INFO: Run Behavior\BuildLiteBehavior [ RunTime:0.000000s ]
INFO: [ app_init ] --END-- [ RunTime:0.003000s ]
INFO: [ app_begin ] --START--
INFO: Run Behavior\ReadHtmlCacheBehavior [ RunTime:0.004000s ]
INFO: [ app_begin ] --END-- [ RunTime:0.004000s ]
INFO: [ view_parse ] --START--
INFO: [ template_filter ] --START--
INFO: Run Behavior\ContentReplaceBehavior [ RunTime:0.001000s ]
INFO: [ template_filter ] --END-- [ RunTime:0.001000s ]
INFO: Run Behavior\ParseTemplateBehavior [ RunTime:0.026001s ]
INFO: [ view_parse ] --END-- [ RunTime:0.026001s ]
INFO: [ view_filter ] --START--
INFO: Run Behavior\WriteHtmlCacheBehavior [ RunTime:0.002000s ]
INFO: [ view_filter ] --END-- [ RunTime:0.003001s ]
INFO: [ app_end ] --START--
INFO: Run Behavior\ShowPageTraceBehavior [ RunTime:0.001000s ]
INFO: [ app_end ] --END-- [ RunTime:0.002000s ]

[ 2016-12-28T16:02:36+08:00 ] ::1 /lenovo/admin.php/Index/index.html
INFO: [ app_init ] --START--
INFO: Run Behavior\BuildLiteBehavior [ RunTime:0.000000s ]
INFO: [ app_init ] --END-- [ RunTime:0.001000s ]
INFO: [ app_begin ] --START--
INFO: Run Behavior\ReadHtmlCacheBehavior [ RunTime:0.001000s ]
INFO: [ app_begin ] --END-- [ RunTime:0.002000s ]
INFO: [ view_parse ] --START--
INFO: [ template_filter ] --START--
INFO: Run Behavior\ContentReplaceBehavior [ RunTime:0.001000s ]
INFO: [ template_filter ] --END-- [ RunTime:0.001000s ]
INFO: Run Behavior\ParseTemplateBehavior [ RunTime:0.045003s ]
INFO: [ view_parse ] --END-- [ RunTime:0.046003s ]
INFO: [ view_filter ] --START--
INFO: Run Behavior\WriteHtmlCacheBehavior [ RunTime:0.000000s ]
INFO: [ view_filter ] --END-- [ RunTime:0.001000s ]
INFO: [ app_end ] --START--
INFO: Run Behavior\ShowPageTraceBehavior [ RunTime:0.001000s ]
INFO: [ app_end ] --END-- [ RunTime:0.001000s ]

[ 2016-12-28T16:03:34+08:00 ] ::1 /lenovo/admin.php/User/index.html
INFO: [ app_init ] --START--
INFO: Run Behavior\BuildLiteBehavior [ RunTime:0.000000s ]
INFO: [ app_init ] --END-- [ RunTime:0.001001s ]
INFO: [ app_begin ] --START--
INFO: Run Behavior\ReadHtmlCacheBehavior [ RunTime:0.001000s ]
INFO: [ app_begin ] --END-- [ RunTime:0.002000s ]
SQL: SHOW COLUMNS FROM `yzm_user` [ RunTime:0.0120s ]
SQL: SELECT COUNT(*) AS tp_count FROM `yzm_user` LIMIT 1   [ RunTime:0.0010s ]
SQL: SELECT * FROM `yzm_user` ORDER BY id desc LIMIT 0,5   [ RunTime:0.0020s ]
INFO: [ view_parse ] --START--
INFO: [ template_filter ] --START--
INFO: Run Behavior\ContentReplaceBehavior [ RunTime:0.001000s ]
INFO: [ template_filter ] --END-- [ RunTime:0.001000s ]
NOTIC: [8] Use of undefined constant id - assumed 'id' D:\wamp\www\lenovo\App\Runtime\Cache\Admin\4295d5db477f3199c8db51638416159f.php 第 206 行.
NOTIC: [8] Use of undefined constant id - assumed 'id' D:\wamp\www\lenovo\App\Runtime\Cache\Admin\4295d5db477f3199c8db51638416159f.php 第 207 行.
NOTIC: [8] Use of undefined constant name - assumed 'name' D:\wamp\www\lenovo\App\Runtime\Cache\Admin\4295d5db477f3199c8db51638416159f.php 第 207 行.
NOTIC: [8] Use of undefined constant pass - assumed 'pass' D:\wamp\www\lenovo\App\Runtime\Cache\Admin\4295d5db477f3199c8db51638416159f.php 第 208 行.
NOTIC: [8] Use of undefined constant time - assumed 'time' D:\wamp\www\lenovo\App\Runtime\Cache\Admin\4295d5db477f3199c8db51638416159f.php 第 209 行.
NOTIC: [8] Use of undefined constant statu - assumed 'statu' D:\wamp\www\lenovo\App\Runtime\Cache\Admin\4295d5db477f3199c8db51638416159f.php 第 210 行.
NOTIC: [8] Use of undefined constant id - assumed 'id' D:\wamp\www\lenovo\App\Runtime\Cache\Admin\4295d5db477f3199c8db51638416159f.php 第 206 行.
NOTIC: [8] Use of undefined constant id - assumed 'id' D:\wamp\www\lenovo\App\Runtime\Cache\Admin\4295d5db477f3199c8db51638416159f.php 第 207 行.
NOTIC: [8] Use of undefined constant name - assumed 'name' D:\wamp\www\lenovo\App\Runtime\Cache\Admin\4295d5db477f3199c8db51638416159f.php 第 207 行.
NOTIC: [8] Use of undefined constant pass - assumed 'pass' D:\wamp\www\lenovo\App\Runtime\Cache\Admin\4295d5db477f3199c8db51638416159f.php 第 208 行.
NOTIC: [8] Use of undefined constant time - assumed 'time' D:\wamp\www\lenovo\App\Runtime\Cache\Admin\4295d5db477f3199c8db51638416159f.php 第 209 行.
NOTIC: [8] Use of undefined constant statu - assumed 'statu' D:\wamp\www\lenovo\App\Runtime\Cache\Admin\4295d5db477f3199c8db51638416159f.php 第 210 行.
INFO: Run Behavior\ParseTemplateBehavior [ RunTime:0.086005s ]
INFO: [ view_parse ] --END-- [ RunTime:0.086005s ]
INFO: [ view_filter ] --START--
INFO: Run Behavior\WriteHtmlCacheBehavior [ RunTime:0.001000s ]
INFO: [ view_filter ] --END-- [ RunTime:0.001000s ]
INFO: [ app_end ] --START--
INFO: Run Behavior\ShowPageTraceBehavior [ RunTime:0.005000s ]
INFO: [ app_end ] --END-- [ RunTime:0.006000s ]

[ 2016-12-28T16:03:36+08:00 ] ::1 /lenovo/admin.php/User/reset/id/2.html
INFO: [ app_init ] --START--
INFO: Run Behavior\BuildLiteBehavior [ RunTime:0.001000s ]
INFO: [ app_init ] --END-- [ RunTime:0.001000s ]
INFO: [ app_begin ] --START--
INFO: Run Behavior\ReadHtmlCacheBehavior [ RunTime:0.001000s ]
INFO: [ app_begin ] --END-- [ RunTime:0.001000s ]
SQL: SHOW COLUMNS FROM `yzm_user` [ RunTime:0.0100s ]
NOTIC: [8] Use of undefined constant id - assumed 'id' D:\wamp\www\lenovo\App\Admin\Controller\UserController.class.php 第 35 行.
SQL: UPDATE `yzm_user` SET `pass`='202cb962ac59075b964b07152d234b70' WHERE `id` = 2 [ RunTime:0.0540s ]
INFO: [ view_parse ] --START--
INFO: [ template_filter ] --START--
INFO: Run Behavior\ContentReplaceBehavior [ RunTime:0.000000s ]
INFO: [ template_filter ] --END-- [ RunTime:0.001000s ]
INFO: Run Behavior\ParseTemplateBehavior [ RunTime:0.015000s ]
INFO: [ view_parse ] --END-- [ RunTime:0.015000s ]
INFO: [ view_filter ] --START--
INFO: Run Behavior\WriteHtmlCacheBehavior [ RunTime:0.001001s ]
INFO: [ view_filter ] --END-- [ RunTime:0.001001s ]

[ 2016-12-28T16:03:46+08:00 ] ::1 /lenovo/admin.php/Types/index.html
INFO: [ app_init ] --START--
INFO: Run Behavior\BuildLiteBehavior [ RunTime:0.000000s ]
INFO: [ app_init ] --END-- [ RunTime:0.001000s ]
INFO: [ app_begin ] --START--
INFO: Run Behavior\ReadHtmlCacheBehavior [ RunTime:0.002000s ]
INFO: [ app_begin ] --END-- [ RunTime:0.002000s ]
SQL: SHOW COLUMNS FROM `yzm_classs` [ RunTime:0.0080s ]
SQL: SELECT COUNT(*) AS tp_count FROM `yzm_classs` LIMIT 1   [ RunTime:0.0010s ]
SQL: SELECT *,concat(path,id) pp FROM `yzm_classs` ORDER BY pp asc  [ RunTime:0.0010s ]
INFO: [ view_parse ] --START--
INFO: [ template_filter ] --START--
INFO: Run Behavior\ContentReplaceBehavior [ RunTime:0.000000s ]
INFO: [ template_filter ] --END-- [ RunTime:0.001000s ]
NOTIC: [8] Use of undefined constant id - assumed 'id' D:\wamp\www\lenovo\App\Runtime\Cache\Admin\81752c5f8b3583cdc7c865761a7d058e.php 第 209 行.
NOTIC: [8] Use of undefined constant cname - assumed 'cname' D:\wamp\www\lenovo\App\Runtime\Cache\Admin\81752c5f8b3583cdc7c865761a7d058e.php 第 212 行.
NOTIC: [8] Use of undefined constant id - assumed 'id' D:\wamp\www\lenovo\App\Runtime\Cache\Admin\81752c5f8b3583cdc7c865761a7d058e.php 第 216 行.
NOTIC: [8] Use of undefined constant path - assumed 'path' D:\wamp\www\lenovo\App\Runtime\Cache\Admin\81752c5f8b3583cdc7c865761a7d058e.php 第 216 行.
NOTIC: [8] Use of undefined constant id - assumed 'id' D:\wamp\www\lenovo\App\Runtime\Cache\Admin\81752c5f8b3583cdc7c865761a7d058e.php 第 216 行.
NOTIC: [8] Use of undefined constant info - assumed 'info' D:\wamp\www\lenovo\App\Runtime\Cache\Admin\81752c5f8b3583cdc7c865761a7d058e.php 第 218 行.
NOTIC: [8] Use of undefined constant pid - assumed 'pid' D:\wamp\www\lenovo\App\Runtime\Cache\Admin\81752c5f8b3583cdc7c865761a7d058e.php 第 219 行.
NOTIC: [8] Use of undefined constant path - assumed 'path' D:\wamp\www\lenovo\App\Runtime\Cache\Admin\81752c5f8b3583cdc7c865761a7d058e.php 第 220 行.
NOTIC: [8] Use of undefined constant id - assumed 'id' D:\wamp\www\lenovo\App\Runtime\Cache\Admin\81752c5f8b3583cdc7c865761a7d058e.php 第 209 行.
NOTIC: [8] Use of undefined constant cname - assumed 'cname' D:\wamp\www\lenovo\App\Runtime\Cache\Admin\81752c5f8b3583cdc7c865761a7d058e.php 第 212 行.
NOTIC: [8] Use of undefined constant id - assumed 'id' D:\wamp\www\lenovo\App\Runtime\Cache\Admin\81752c5f8b3583cdc7c865761a7d058e.php 第 216 行.
NOTIC: [8] Use of undefined constant path - assumed 'path' D:\wamp\www\lenovo\App\Runtime\Cache\Admin\81752c5f8b3583cdc7c865761a7d058e.php 第 216 行.
NOTIC: [8] Use of undefined constant id - assumed 'id' D:\wamp\www\lenovo\App\Runtime\Cache\Admin\81752c5f8b3583cdc7c865761a7d058e.php 第 216 行.
NOTIC: [8] Use of undefined constant info - assumed 'info' D:\wamp\www\lenovo\App\Runtime\Cache\Admin\81752c5f8b3583cdc7c865761a7d058e.php 第 218 行.
NOTIC: [8] Use of undefined constant pid - assumed 'pid' D:\wamp\www\lenovo\App\Runtime\Cache\Admin\81752c5f8b3583cdc7c865761a7d058e.php 第 219 行.
NOTIC: [8] Use of undefined constant path - assumed 'path' D:\wamp\www\lenovo\App\Runtime\Cache\Admin\81752c5f8b3583cdc7c865761a7d058e.php 第 220 行.
NOTIC: [8] Use of undefined constant id - assumed 'id' D:\wamp\www\lenovo\App\Runtime\Cache\Admin\81752c5f8b3583cdc7c865761a7d058e.php 第 209 行.
NOTIC: [8] Use of undefined constant cname - assumed 'cname' D:\wamp\www\lenovo\App\Runtime\Cache\Admin\81752c5f8b3583cdc7c865761a7d058e.php 第 212 行.
NOTIC: [8] Use of undefined constant info - assumed 'info' D:\wamp\www\lenovo\App\Runtime\Cache\Admin\81752c5f8b3583cdc7c865761a7d058e.php 第 218 行.
NOTIC: [8] Use of undefined constant pid - assumed 'pid' D:\wamp\www\lenovo\App\Runtime\Cache\Admin\81752c5f8b3583cdc7c865761a7d058e.php 第 219 行.
NOTIC: [8] Use of undefined constant path - assumed 'path' D:\wamp\www\lenovo\App\Runtime\Cache\Admin\81752c5f8b3583cdc7c865761a7d058e.php 第 220 行.
NOTIC: [8] Use of undefined constant id - assumed 'id' D:\wamp\www\lenovo\App\Runtime\Cache\Admin\81752c5f8b3583cdc7c865761a7d058e.php 第 209 行.
NOTIC: [8] Use of undefined constant cname - assumed 'cname' D:\wamp\www\lenovo\App\Runtime\Cache\Admin\81752c5f8b3583cdc7c865761a7d058e.php 第 212 行.
NOTIC: [8] Use of undefined constant id - assumed 'id' D:\wamp\www\lenovo\App\Runtime\Cache\Admin\81752c5f8b3583cdc7c865761a7d058e.php 第 216 行.
NOTIC: [8] Use of undefined constant path - assumed 'path' D:\wamp\www\lenovo\App\Runtime\Cache\Admin\81752c5f8b3583cdc7c865761a7d058e.php 第 216 行.
NOTIC: [8] Use of undefined constant id - assumed 'id' D:\wamp\www\lenovo\App\Runtime\Cache\Admin\81752c5f8b3583cdc7c865761a7d058e.php 第 216 行.
NOTIC: [8] Use of undefined constant info - assumed 'info' D:\wamp\www\lenovo\App\Runtime\Cache\Admin\81752c5f8b3583cdc7c865761a7d058e.php 第 218 行.
NOTIC: [8] Use of undefined constant pid - assumed 'pid' D:\wamp\www\lenovo\App\Runtime\Cache\Admin\81752c5f8b3583cdc7c865761a7d058e.php 第 219 行.
NOTIC: [8] Use of undefined constant path - assumed 'path' D:\wamp\www\lenovo\App\Runtime\Cache\Admin\81752c5f8b3583cdc7c865761a7d058e.php 第 220 行.
NOTIC: [8] Use of undefined constant id - assumed 'id' D:\wamp\www\lenovo\App\Runtime\Cache\Admin\81752c5f8b3583cdc7c865761a7d058e.php 第 209 行.
NOTIC: [8] Use of undefined constant cname - assumed 'cname' D:\wamp\www\lenovo\App\Runtime\Cache\Admin\81752c5f8b3583cdc7c865761a7d058e.php 第 212 行.
NOTIC: [8] Use of undefined constant id - assumed 'id' D:\wamp\www\lenovo\App\Runtime\Cache\Admin\81752c5f8b3583cdc7c865761a7d058e.php 第 216 行.
NOTIC: [8] Use of undefined constant path - assumed 'path' D:\wamp\www\lenovo\App\Runtime\Cache\Admin\81752c5f8b3583cdc7c865761a7d058e.php 第 216 行.
NOTIC: [8] Use of undefined constant id - assumed 'id' D:\wamp\www\lenovo\App\Runtime\Cache\Admin\81752c5f8b3583cdc7c865761a7d058e.php 第 216 行.
NOTIC: [8] Use of undefined constant info - assumed 'info' D:\wamp\www\lenovo\App\Runtime\Cache\Admin\81752c5f8b3583cdc7c865761a7d058e.php 第 218 行.
NOTIC: [8] Use of undefined constant pid - assumed 'pid' D:\wamp\www\lenovo\App\Runtime\Cache\Admin\81752c5f8b3583cdc7c865761a7d058e.php 第 219 行.
NOTIC: [8] Use of undefined constant path - assumed 'path' D:\wamp\www\lenovo\App\Runtime\Cache\Admin\81752c5f8b3583cdc7c865761a7d058e.php 第 220 行.
NOTIC: [8] Use of undefined constant id - assumed 'id' D:\wamp\www\lenovo\App\Runtime\Cache\Admin\81752c5f8b3583cdc7c865761a7d058e.php 第 209 行.
NOTIC: [8] Use of undefined constant cname - assumed 'cname' D:\wamp\www\lenovo\App\Runtime\Cache\Admin\81752c5f8b3583cdc7c865761a7d058e.php 第 212 行.
NOTIC: [8] Use of undefined constant id - assumed 'id' D:\wamp\www\lenovo\App\Runtime\Cache\Admin\81752c5f8b3583cdc7c865761a7d058e.php 第 216 行.
NOTIC: [8] Use of undefined constant path - assumed 'path' D:\wamp\www\lenovo\App\Runtime\Cache\Admin\81752c5f8b3583cdc7c865761a7d058e.php 第 216 行.
NOTIC: [8] Use of undefined constant id - assumed 'id' D:\wamp\www\lenovo\App\Runtime\Cache\Admin\81752c5f8b3583cdc7c865761a7d058e.php 第 216 行.
NOTIC: [8] Use of undefined constant info - assumed 'info' D:\wamp\www\lenovo\App\Runtime\Cache\Admin\81752c5f8b3583cdc7c865761a7d058e.php 第 218 行.
NOTIC: [8] Use of undefined constant pid - assumed 'pid' D:\wamp\www\lenovo\App\Runtime\Cache\Admin\81752c5f8b3583cdc7c865761a7d058e.php 第 219 行.
NOTIC: [8] Use of undefined constant path - assumed 'path' D:\wamp\www\lenovo\App\Runtime\Cache\Admin\81752c5f8b3583cdc7c865761a7d058e.php 第 220 行.
NOTIC: [8] Use of undefined constant id - assumed 'id' D:\wamp\www\lenovo\App\Runtime\Cache\Admin\81752c5f8b3583cdc7c865761a7d058e.php 第 209 行.
NOTIC: [8] Use of undefined constant cname - assumed 'cname' D:\wamp\www\lenovo\App\Runtime\Cache\Admin\81752c5f8b3583cdc7c865761a7d058e.php 第 212 行.
NOTIC: [8] Use of undefined constant info - assumed 'info' D:\wamp\www\lenovo\App\Runtime\Cache\Admin\81752c5f8b3583cdc7c865761a7d058e.php 第 218 行.
NOTIC: [8] Use of undefined constant pid - assumed 'pid' D:\wamp\www\lenovo\App\Runtime\Cache\Admin\81752c5f8b3583cdc7c865761a7d058e.php 第 219 行.
NOTIC: [8] Use of undefined constant path - assumed 'path' D:\wamp\www\lenovo\App\Runtime\Cache\Admin\81752c5f8b3583cdc7c865761a7d058e.php 第 220 行.
NOTIC: [8] Use of undefined constant id - assumed 'id' D:\wamp\www\lenovo\App\Runtime\Cache\Admin\81752c5f8b3583cdc7c865761a7d058e.php 第 209 行.
NOTIC: [8] Use of undefined constant cname - assumed 'cname' D:\wamp\www\lenovo\App\Runtime\Cache\Admin\81752c5f8b3583cdc7c865761a7d058e.php 第 212 行.
NOTIC: [8] Use of undefined constant info - assumed 'info' D:\wamp\www\lenovo\App\Runtime\Cache\Admin\81752c5f8b3583cdc7c865761a7d058e.php 第 218 行.
NOTIC: [8] Use of undefined constant pid - assumed 'pid' D:\wamp\www\lenovo\App\Runtime\Cache\Admin\81752c5f8b3583cdc7c865761a7d058e.php 第 219 行.
NOTIC: [8] Use of undefined constant path - assumed 'path' D:\wamp\www\lenovo\App\Runtime\Cache\Admin\81752c5f8b3583cdc7c865761a7d058e.php 第 220 行.
NOTIC: [8] Use of undefined constant id - assumed 'id' D:\wamp\www\lenovo\App\Runtime\Cache\Admin\81752c5f8b3583cdc7c865761a7d058e.php 第 209 行.
NOTIC: [8] Use of undefined constant cname - assumed 'cname' D:\wamp\www\lenovo\App\Runtime\Cache\Admin\81752c5f8b3583cdc7c865761a7d058e.php 第 212 行.
NOTIC: [8] Use of undefined constant id - assumed 'id' D:\wamp\www\lenovo\App\Runtime\Cache\Admin\81752c5f8b3583cdc7c865761a7d058e.php 第 216 行.
NOTIC: [8] Use of undefined constant path - assumed 'path' D:\wamp\www\lenovo\App\Runtime\Cache\Admin\81752c5f8b3583cdc7c865761a7d058e.php 第 216 行.
NOTIC: [8] Use of undefined constant id - assumed 'id' D:\wamp\www\lenovo\App\Runtime\Cache\Admin\81752c5f8b3583cdc7c865761a7d058e.php 第 216 行.
NOTIC: [8] Use of undefined constant info - assumed 'info' D:\wamp\www\lenovo\App\Runtime\Cache\Admin\81752c5f8b3583cdc7c865761a7d058e.php 第 218 行.
NOTIC: [8] Use of undefined constant pid - assumed 'pid' D:\wamp\www\lenovo\App\Runtime\Cache\Admin\81752c5f8b3583cdc7c865761a7d058e.php 第 219 行.
NOTIC: [8] Use of undefined constant path - assumed 'path' D:\wamp\www\lenovo\App\Runtime\Cache\Admin\81752c5f8b3583cdc7c865761a7d058e.php 第 220 行.
NOTIC: [8] Use of undefined constant id - assumed 'id' D:\wamp\www\lenovo\App\Runtime\Cache\Admin\81752c5f8b3583cdc7c865761a7d058e.php 第 209 行.
NOTIC: [8] Use of undefined constant cname - assumed 'cname' D:\wamp\www\lenovo\App\Runtime\Cache\Admin\81752c5f8b3583cdc7c865761a7d058e.php 第 212 行.
NOTIC: [8] Use of undefined constant id - assumed 'id' D:\wamp\www\lenovo\App\Runtime\Cache\Admin\81752c5f8b3583cdc7c865761a7d058e.php 第 216 行.
NOTIC: [8] Use of undefined constant path - assumed 'path' D:\wamp\www\lenovo\App\Runtime\Cache\Admin\81752c5f8b3583cdc7c865761a7d058e.php 第 216 行.
NOTIC: [8] Use of undefined constant id - assumed 'id' D:\wamp\www\lenovo\App\Runtime\Cache\Admin\81752c5f8b3583cdc7c865761a7d058e.php 第 216 行.
NOTIC: [8] Use of undefined constant info - assumed 'info' D:\wamp\www\lenovo\App\Runtime\Cache\Admin\81752c5f8b3583cdc7c865761a7d058e.php 第 218 行.
NOTIC: [8] Use of undefined constant pid - assumed 'pid' D:\wamp\www\lenovo\App\Runtime\Cache\Admin\81752c5f8b3583cdc7c865761a7d058e.php 第 219 行.
NOTIC: [8] Use of undefined constant path - assumed 'path' D:\wamp\www\lenovo\App\Runtime\Cache\Admin\81752c5f8b3583cdc7c865761a7d058e.php 第 220 行.
NOTIC: [8] Use of undefined constant id - assumed 'id' D:\wamp\www\lenovo\App\Runtime\Cache\Admin\81752c5f8b3583cdc7c865761a7d058e.php 第 209 行.
NOTIC: [8] Use of undefined constant cname - assumed 'cname' D:\wamp\www\lenovo\App\Runtime\Cache\Admin\81752c5f8b3583cdc7c865761a7d058e.php 第 212 行.
NOTIC: [8] Use of undefined constant id - assumed 'id' D:\wamp\www\lenovo\App\Runtime\Cache\Admin\81752c5f8b3583cdc7c865761a7d058e.php 第 216 行.
NOTIC: [8] Use of undefined constant path - assumed 'path' D:\wamp\www\lenovo\App\Runtime\Cache\Admin\81752c5f8b3583cdc7c865761a7d058e.php 第 216 行.
NOTIC: [8] Use of undefined constant id - assumed 'id' D:\wamp\www\lenovo\App\Runtime\Cache\Admin\81752c5f8b3583cdc7c865761a7d058e.php 第 216 行.
NOTIC: [8] Use of undefined constant info - assumed 'info' D:\wamp\www\lenovo\App\Runtime\Cache\Admin\81752c5f8b3583cdc7c865761a7d058e.php 第 218 行.
NOTIC: [8] Use of undefined constant pid - assumed 'pid' D:\wamp\www\lenovo\App\Runtime\Cache\Admin\81752c5f8b3583cdc7c865761a7d058e.php 第 219 行.
NOTIC: [8] Use of undefined constant path - assumed 'path' D:\wamp\www\lenovo\App\Runtime\Cache\Admin\81752c5f8b3583cdc7c865761a7d058e.php 第 220 行.
NOTIC: [8] Undefined variable: pages D:\wamp\www\lenovo\App\Runtime\Cache\Admin\81752c5f8b3583cdc7c865761a7d058e.php 第 230 行.
INFO: Run Behavior\ParseTemplateBehavior [ RunTime:0.126007s ]
INFO: [ view_parse ] --END-- [ RunTime:0.127007s ]
INFO: [ view_filter ] --START--
INFO: Run Behavior\WriteHtmlCacheBehavior [ RunTime:0.001000s ]
INFO: [ view_filter ] --END-- [ RunTime:0.001000s ]
INFO: [ app_end ] --START--
INFO: Run Behavior\ShowPageTraceBehavior [ RunTime:0.002000s ]
INFO: [ app_end ] --END-- [ RunTime:0.002000s ]

[ 2016-12-28T17:19:07+08:00 ] ::1 /lenovo/admin.php/
INFO: [ app_init ] --START--
INFO: Run Behavior\BuildLiteBehavior [ RunTime:0.001000s ]
INFO: [ app_init ] --END-- [ RunTime:0.001000s ]
INFO: [ app_begin ] --START--
INFO: Run Behavior\ReadHtmlCacheBehavior [ RunTime:0.001000s ]
INFO: [ app_begin ] --END-- [ RunTime:0.001000s ]
INFO: [ view_parse ] --START--
INFO: [ template_filter ] --START--
INFO: Run Behavior\ContentReplaceBehavior [ RunTime:0.001000s ]
INFO: [ template_filter ] --END-- [ RunTime:0.001000s ]
INFO: Run Behavior\ParseTemplateBehavior [ RunTime:0.024001s ]
INFO: [ view_parse ] --END-- [ RunTime:0.028001s ]
INFO: [ view_filter ] --START--
INFO: Run Behavior\WriteHtmlCacheBehavior [ RunTime:0.001000s ]
INFO: [ view_filter ] --END-- [ RunTime:0.001000s ]
INFO: [ app_end ] --START--
INFO: Run Behavior\ShowPageTraceBehavior [ RunTime:0.002000s ]
INFO: [ app_end ] --END-- [ RunTime:0.002000s ]

