[ 2018-03-06T10:31:19+08:00 ] 192.168.16.22 /admin.php
INFO: [ app_init ] --START--
INFO: Run Behavior\BuildLiteBehavior [ RunTime:0.000000s ]
INFO: [ app_init ] --END-- [ RunTime:0.000000s ]
INFO: [ app_begin ] --START--
INFO: Run Behavior\ReadHtmlCacheBehavior [ RunTime:0.000000s ]
INFO: [ app_begin ] --END-- [ RunTime:0.000000s ]
INFO: [ view_parse ] --START--
INFO: [ template_filter ] --START--
INFO: Run Behavior\ContentReplaceBehavior [ RunTime:0.000000s ]
INFO: [ template_filter ] --END-- [ RunTime:0.000000s ]
INFO: Run Behavior\ParseTemplateBehavior [ RunTime:0.037002s ]
INFO: [ view_parse ] --END-- [ RunTime:0.037002s ]
INFO: [ view_filter ] --START--
INFO: Run Behavior\WriteHtmlCacheBehavior [ RunTime:0.000000s ]
INFO: [ view_filter ] --END-- [ RunTime:0.000000s ]

[ 2018-03-06T10:31:22+08:00 ] 192.168.16.22 /admin.php/Login/index.html
INFO: [ app_init ] --START--
INFO: Run Behavior\BuildLiteBehavior [ RunTime:0.001000s ]
INFO: [ app_init ] --END-- [ RunTime:0.001000s ]
INFO: [ app_begin ] --START--
INFO: Run Behavior\ReadHtmlCacheBehavior [ RunTime:0.001000s ]
INFO: [ app_begin ] --END-- [ RunTime:0.001000s ]
INFO: [ view_parse ] --START--
INFO: [ template_filter ] --START--
INFO: Run Behavior\ContentReplaceBehavior [ RunTime:0.000000s ]
INFO: [ template_filter ] --END-- [ RunTime:0.000000s ]
INFO: Run Behavior\ParseTemplateBehavior [ RunTime:0.012001s ]
INFO: [ view_parse ] --END-- [ RunTime:0.012001s ]
INFO: [ view_filter ] --START--
INFO: Run Behavior\WriteHtmlCacheBehavior [ RunTime:0.000000s ]
INFO: [ view_filter ] --END-- [ RunTime:0.001000s ]
INFO: [ app_end ] --START--
INFO: Run Behavior\ShowPageTraceBehavior [ RunTime:0.000000s ]
INFO: [ app_end ] --END-- [ RunTime:0.000000s ]

[ 2018-03-06T10:31:43+08:00 ] 192.168.16.22 /admin.php/Login/check.html
INFO: [ app_init ] --START--
INFO: Run Behavior\BuildLiteBehavior [ RunTime:0.000000s ]
INFO: [ app_init ] --END-- [ RunTime:0.001000s ]
INFO: [ app_begin ] --START--
INFO: Run Behavior\ReadHtmlCacheBehavior [ RunTime:0.000000s ]
INFO: [ app_begin ] --END-- [ RunTime:0.000000s ]
SQL: SHOW COLUMNS FROM `yzm_admin` [ RunTime:0.0050s ]
SQL: SELECT * FROM `yzm_admin` WHERE ( username='admin' and password='21232f297a57a5a743894a0e4a801fc3' and statu=0  ) LIMIT 1   [ RunTime:0.0030s ]
INFO: [ view_parse ] --START--
INFO: [ template_filter ] --START--
INFO: Run Behavior\ContentReplaceBehavior [ RunTime:0.000000s ]
INFO: [ template_filter ] --END-- [ RunTime:0.000000s ]
INFO: Run Behavior\ParseTemplateBehavior [ RunTime:0.003000s ]
INFO: [ view_parse ] --END-- [ RunTime:0.003000s ]
INFO: [ view_filter ] --START--
INFO: Run Behavior\WriteHtmlCacheBehavior [ RunTime:0.001000s ]
INFO: [ view_filter ] --END-- [ RunTime:0.001000s ]

[ 2018-03-06T10:31:52+08:00 ] 192.168.16.22 /admin.php/Login/check.html
INFO: [ app_init ] --START--
INFO: Run Behavior\BuildLiteBehavior [ RunTime:0.000000s ]
INFO: [ app_init ] --END-- [ RunTime:0.000000s ]
INFO: [ app_begin ] --START--
INFO: Run Behavior\ReadHtmlCacheBehavior [ RunTime:0.001000s ]
INFO: [ app_begin ] --END-- [ RunTime:0.001000s ]
SQL: SHOW COLUMNS FROM `yzm_admin` [ RunTime:0.0070s ]
SQL: SELECT * FROM `yzm_admin` WHERE ( username='admin' and password='e10adc3949ba59abbe56e057f20f883e' and statu=0  ) LIMIT 1   [ RunTime:0.0050s ]
INFO: [ view_parse ] --START--
INFO: [ template_filter ] --START--
INFO: Run Behavior\ContentReplaceBehavior [ RunTime:0.000000s ]
INFO: [ template_filter ] --END-- [ RunTime:0.000000s ]
INFO: Run Behavior\ParseTemplateBehavior [ RunTime:0.004000s ]
INFO: [ view_parse ] --END-- [ RunTime:0.004000s ]
INFO: [ view_filter ] --START--
INFO: Run Behavior\WriteHtmlCacheBehavior [ RunTime:0.000000s ]
INFO: [ view_filter ] --END-- [ RunTime:0.000000s ]

[ 2018-03-06T10:32:59+08:00 ] 192.168.16.22 /admin.php/Login/index.html
INFO: [ app_init ] --START--
INFO: Run Behavior\BuildLiteBehavior [ RunTime:0.000000s ]
INFO: [ app_init ] --END-- [ RunTime:0.001000s ]
INFO: [ app_begin ] --START--
INFO: Run Behavior\ReadHtmlCacheBehavior [ RunTime:0.000000s ]
INFO: [ app_begin ] --END-- [ RunTime:0.001000s ]
INFO: [ view_parse ] --START--
INFO: [ template_filter ] --START--
INFO: Run Behavior\ContentReplaceBehavior [ RunTime:0.000000s ]
INFO: [ template_filter ] --END-- [ RunTime:0.000000s ]
INFO: Run Behavior\ParseTemplateBehavior [ RunTime:0.005000s ]
INFO: [ view_parse ] --END-- [ RunTime:0.005000s ]
INFO: [ view_filter ] --START--
INFO: Run Behavior\WriteHtmlCacheBehavior [ RunTime:0.000000s ]
INFO: [ view_filter ] --END-- [ RunTime:0.000000s ]
INFO: [ app_end ] --START--
INFO: Run Behavior\ShowPageTraceBehavior [ RunTime:0.001000s ]
INFO: [ app_end ] --END-- [ RunTime:0.001000s ]

[ 2018-03-06T10:33:04+08:00 ] 192.168.16.22 /admin.php/Login/check.html
INFO: [ app_init ] --START--
INFO: Run Behavior\BuildLiteBehavior [ RunTime:0.000000s ]
INFO: [ app_init ] --END-- [ RunTime:0.000000s ]
INFO: [ app_begin ] --START--
INFO: Run Behavior\ReadHtmlCacheBehavior [ RunTime:0.000000s ]
INFO: [ app_begin ] --END-- [ RunTime:0.000000s ]
SQL: SHOW COLUMNS FROM `yzm_admin` [ RunTime:0.0110s ]

[ 2018-03-06T10:33:33+08:00 ] 192.168.16.22 /admin.php/Login/index.html
INFO: [ app_init ] --START--
INFO: Run Behavior\BuildLiteBehavior [ RunTime:0.000000s ]
INFO: [ app_init ] --END-- [ RunTime:0.000000s ]
INFO: [ app_begin ] --START--
INFO: Run Behavior\ReadHtmlCacheBehavior [ RunTime:0.000000s ]
INFO: [ app_begin ] --END-- [ RunTime:0.000000s ]
INFO: [ view_parse ] --START--
INFO: [ template_filter ] --START--
INFO: Run Behavior\ContentReplaceBehavior [ RunTime:0.000000s ]
INFO: [ template_filter ] --END-- [ RunTime:0.000000s ]
INFO: Run Behavior\ParseTemplateBehavior [ RunTime:0.006000s ]
INFO: [ view_parse ] --END-- [ RunTime:0.006000s ]
INFO: [ view_filter ] --START--
INFO: Run Behavior\WriteHtmlCacheBehavior [ RunTime:0.000000s ]
INFO: [ view_filter ] --END-- [ RunTime:0.000000s ]
INFO: [ app_end ] --START--
INFO: Run Behavior\ShowPageTraceBehavior [ RunTime:0.000000s ]
INFO: [ app_end ] --END-- [ RunTime:0.000000s ]

[ 2018-03-06T10:33:39+08:00 ] 192.168.16.22 /admin.php/Login/check.html
INFO: [ app_init ] --START--
INFO: Run Behavior\BuildLiteBehavior [ RunTime:0.000000s ]
INFO: [ app_init ] --END-- [ RunTime:0.000000s ]
INFO: [ app_begin ] --START--
INFO: Run Behavior\ReadHtmlCacheBehavior [ RunTime:0.001000s ]
INFO: [ app_begin ] --END-- [ RunTime:0.001000s ]
SQL: SHOW COLUMNS FROM `yzm_admin` [ RunTime:0.0090s ]
SQL: SELECT * FROM `yzm_admin` WHERE ( username='admin' and password='21232f297a57a5a743894a0e4a801fc3' and statu=0  ) LIMIT 1   [ RunTime:0.0060s ]
NOTIC: [8] Use of undefined constant id - assumed 'id' F:\git\lenovo\App\Admin\Controller\LoginController.class.php 第 19 行.
NOTIC: [8] Use of undefined constant id - assumed 'id' F:\git\lenovo\App\Admin\Controller\LoginController.class.php 第 19 行.
SQL: UPDATE `yzm_admin` SET `logintime`='1520303618',`loginnum`='5' WHERE `id` = 2 [ RunTime:0.0490s ]
INFO: [ view_parse ] --START--
INFO: [ template_filter ] --START--
INFO: Run Behavior\ContentReplaceBehavior [ RunTime:0.000000s ]
INFO: [ template_filter ] --END-- [ RunTime:0.000000s ]
INFO: Run Behavior\ParseTemplateBehavior [ RunTime:0.014001s ]
INFO: [ view_parse ] --END-- [ RunTime:0.014001s ]
INFO: [ view_filter ] --START--
INFO: Run Behavior\WriteHtmlCacheBehavior [ RunTime:0.000000s ]
INFO: [ view_filter ] --END-- [ RunTime:0.000000s ]
INFO: [ app_end ] --START--
INFO: Run Behavior\ShowPageTraceBehavior [ RunTime:0.000000s ]
INFO: [ app_end ] --END-- [ RunTime:0.001000s ]

[ 2018-03-06T10:33:40+08:00 ] 192.168.16.22 /admin.php/Index/index.html
INFO: [ app_init ] --START--
INFO: Run Behavior\BuildLiteBehavior [ RunTime:0.000000s ]
INFO: [ app_init ] --END-- [ RunTime:0.000000s ]
INFO: [ app_begin ] --START--
INFO: Run Behavior\ReadHtmlCacheBehavior [ RunTime:0.000000s ]
INFO: [ app_begin ] --END-- [ RunTime:0.000000s ]
INFO: [ view_parse ] --START--
INFO: [ template_filter ] --START--
INFO: Run Behavior\ContentReplaceBehavior [ RunTime:0.000000s ]
INFO: [ template_filter ] --END-- [ RunTime:0.000000s ]
INFO: Run Behavior\ParseTemplateBehavior [ RunTime:0.045002s ]
INFO: [ view_parse ] --END-- [ RunTime:0.045002s ]
INFO: [ view_filter ] --START--
INFO: Run Behavior\WriteHtmlCacheBehavior [ RunTime:0.000000s ]
INFO: [ view_filter ] --END-- [ RunTime:0.000000s ]
INFO: [ app_end ] --START--
INFO: Run Behavior\ShowPageTraceBehavior [ RunTime:0.001000s ]
INFO: [ app_end ] --END-- [ RunTime:0.001000s ]

[ 2018-03-06T10:33:47+08:00 ] 192.168.16.22 /admin.php/Ads/index.html
INFO: [ app_init ] --START--
INFO: Run Behavior\BuildLiteBehavior [ RunTime:0.000000s ]
INFO: [ app_init ] --END-- [ RunTime:0.001000s ]
INFO: [ app_begin ] --START--
INFO: Run Behavior\ReadHtmlCacheBehavior [ RunTime:0.001000s ]
INFO: [ app_begin ] --END-- [ RunTime:0.001000s ]
SQL: SHOW COLUMNS FROM `yzm_ads` [ RunTime:0.0500s ]
SQL: SELECT * FROM `yzm_ads`  [ RunTime:0.0060s ]
INFO: [ view_parse ] --START--
INFO: [ template_filter ] --START--
INFO: Run Behavior\ContentReplaceBehavior [ RunTime:0.000000s ]
INFO: [ template_filter ] --END-- [ RunTime:0.001000s ]
NOTIC: [8] Undefined variable: tot F:\git\lenovo\App\Runtime\Cache\Admin\7c3f1864539eb711067a66b76808e900.php 第 196 行.
NOTIC: [8] Use of undefined constant id - assumed 'id' F:\git\lenovo\App\Runtime\Cache\Admin\7c3f1864539eb711067a66b76808e900.php 第 216 行.
NOTIC: [8] Use of undefined constant name - assumed 'name' F:\git\lenovo\App\Runtime\Cache\Admin\7c3f1864539eb711067a66b76808e900.php 第 217 行.
NOTIC: [8] Use of undefined constant url - assumed 'url' F:\git\lenovo\App\Runtime\Cache\Admin\7c3f1864539eb711067a66b76808e900.php 第 218 行.
NOTIC: [8] Use of undefined constant img - assumed 'img' F:\git\lenovo\App\Runtime\Cache\Admin\7c3f1864539eb711067a66b76808e900.php 第 219 行.
NOTIC: [8] Use of undefined constant id - assumed 'id' F:\git\lenovo\App\Runtime\Cache\Admin\7c3f1864539eb711067a66b76808e900.php 第 216 行.
NOTIC: [8] Use of undefined constant name - assumed 'name' F:\git\lenovo\App\Runtime\Cache\Admin\7c3f1864539eb711067a66b76808e900.php 第 217 行.
NOTIC: [8] Use of undefined constant url - assumed 'url' F:\git\lenovo\App\Runtime\Cache\Admin\7c3f1864539eb711067a66b76808e900.php 第 218 行.
NOTIC: [8] Use of undefined constant img - assumed 'img' F:\git\lenovo\App\Runtime\Cache\Admin\7c3f1864539eb711067a66b76808e900.php 第 219 行.
NOTIC: [8] Use of undefined constant id - assumed 'id' F:\git\lenovo\App\Runtime\Cache\Admin\7c3f1864539eb711067a66b76808e900.php 第 216 行.
NOTIC: [8] Use of undefined constant name - assumed 'name' F:\git\lenovo\App\Runtime\Cache\Admin\7c3f1864539eb711067a66b76808e900.php 第 217 行.
NOTIC: [8] Use of undefined constant url - assumed 'url' F:\git\lenovo\App\Runtime\Cache\Admin\7c3f1864539eb711067a66b76808e900.php 第 218 行.
NOTIC: [8] Use of undefined constant img - assumed 'img' F:\git\lenovo\App\Runtime\Cache\Admin\7c3f1864539eb711067a66b76808e900.php 第 219 行.
NOTIC: [8] Use of undefined constant id - assumed 'id' F:\git\lenovo\App\Runtime\Cache\Admin\7c3f1864539eb711067a66b76808e900.php 第 216 行.
NOTIC: [8] Use of undefined constant name - assumed 'name' F:\git\lenovo\App\Runtime\Cache\Admin\7c3f1864539eb711067a66b76808e900.php 第 217 行.
NOTIC: [8] Use of undefined constant url - assumed 'url' F:\git\lenovo\App\Runtime\Cache\Admin\7c3f1864539eb711067a66b76808e900.php 第 218 行.
NOTIC: [8] Use of undefined constant img - assumed 'img' F:\git\lenovo\App\Runtime\Cache\Admin\7c3f1864539eb711067a66b76808e900.php 第 219 行.
NOTIC: [8] Use of undefined constant id - assumed 'id' F:\git\lenovo\App\Runtime\Cache\Admin\7c3f1864539eb711067a66b76808e900.php 第 216 行.
NOTIC: [8] Use of undefined constant name - assumed 'name' F:\git\lenovo\App\Runtime\Cache\Admin\7c3f1864539eb711067a66b76808e900.php 第 217 行.
NOTIC: [8] Use of undefined constant url - assumed 'url' F:\git\lenovo\App\Runtime\Cache\Admin\7c3f1864539eb711067a66b76808e900.php 第 218 行.
NOTIC: [8] Use of undefined constant img - assumed 'img' F:\git\lenovo\App\Runtime\Cache\Admin\7c3f1864539eb711067a66b76808e900.php 第 219 行.
NOTIC: [8] Use of undefined constant id - assumed 'id' F:\git\lenovo\App\Runtime\Cache\Admin\7c3f1864539eb711067a66b76808e900.php 第 216 行.
NOTIC: [8] Use of undefined constant name - assumed 'name' F:\git\lenovo\App\Runtime\Cache\Admin\7c3f1864539eb711067a66b76808e900.php 第 217 行.
NOTIC: [8] Use of undefined constant url - assumed 'url' F:\git\lenovo\App\Runtime\Cache\Admin\7c3f1864539eb711067a66b76808e900.php 第 218 行.
NOTIC: [8] Use of undefined constant img - assumed 'img' F:\git\lenovo\App\Runtime\Cache\Admin\7c3f1864539eb711067a66b76808e900.php 第 219 行.
NOTIC: [8] Use of undefined constant id - assumed 'id' F:\git\lenovo\App\Runtime\Cache\Admin\7c3f1864539eb711067a66b76808e900.php 第 216 行.
NOTIC: [8] Use of undefined constant name - assumed 'name' F:\git\lenovo\App\Runtime\Cache\Admin\7c3f1864539eb711067a66b76808e900.php 第 217 行.
NOTIC: [8] Use of undefined constant url - assumed 'url' F:\git\lenovo\App\Runtime\Cache\Admin\7c3f1864539eb711067a66b76808e900.php 第 218 行.
NOTIC: [8] Use of undefined constant img - assumed 'img' F:\git\lenovo\App\Runtime\Cache\Admin\7c3f1864539eb711067a66b76808e900.php 第 219 行.
NOTIC: [8] Undefined variable: pages F:\git\lenovo\App\Runtime\Cache\Admin\7c3f1864539eb711067a66b76808e900.php 第 230 行.
INFO: Run Behavior\ParseTemplateBehavior [ RunTime:0.032002s ]
INFO: [ view_parse ] --END-- [ RunTime:0.032002s ]
INFO: [ view_filter ] --START--
INFO: Run Behavior\WriteHtmlCacheBehavior [ RunTime:0.000000s ]
INFO: [ view_filter ] --END-- [ RunTime:0.000000s ]
INFO: [ app_end ] --START--
INFO: Run Behavior\ShowPageTraceBehavior [ RunTime:0.001000s ]
INFO: [ app_end ] --END-- [ RunTime:0.001000s ]

[ 2018-03-06T10:33:51+08:00 ] 192.168.16.22 /admin.php/Ads/add.html
INFO: [ app_init ] --START--
INFO: Run Behavior\BuildLiteBehavior [ RunTime:0.000000s ]
INFO: [ app_init ] --END-- [ RunTime:0.001000s ]
INFO: [ app_begin ] --START--
INFO: Run Behavior\ReadHtmlCacheBehavior [ RunTime:0.000000s ]
INFO: [ app_begin ] --END-- [ RunTime:0.000000s ]
INFO: [ view_parse ] --START--
INFO: [ template_filter ] --START--
INFO: Run Behavior\ContentReplaceBehavior [ RunTime:0.000000s ]
INFO: [ template_filter ] --END-- [ RunTime:0.000000s ]
INFO: Run Behavior\ParseTemplateBehavior [ RunTime:0.013000s ]
INFO: [ view_parse ] --END-- [ RunTime:0.013000s ]
INFO: [ view_filter ] --START--
INFO: Run Behavior\WriteHtmlCacheBehavior [ RunTime:0.000000s ]
INFO: [ view_filter ] --END-- [ RunTime:0.000000s ]
INFO: [ app_end ] --START--
INFO: Run Behavior\ShowPageTraceBehavior [ RunTime:0.001000s ]
INFO: [ app_end ] --END-- [ RunTime:0.001000s ]

[ 2018-03-06T10:34:50+08:00 ] 192.168.16.22 /admin.php/Ads/add.html
INFO: [ app_init ] --START--
INFO: Run Behavior\BuildLiteBehavior [ RunTime:0.000000s ]
INFO: [ app_init ] --END-- [ RunTime:0.001000s ]
INFO: [ app_begin ] --START--
INFO: Run Behavior\ReadHtmlCacheBehavior [ RunTime:0.000000s ]
INFO: [ app_begin ] --END-- [ RunTime:0.000000s ]
SQL: SHOW COLUMNS FROM `yzm_ads` [ RunTime:0.0070s ]
SQL: INSERT INTO `yzm_ads` (`name`,`url`,`img`) VALUES ('1','1','') [ RunTime:0.0330s ]
INFO: [ view_parse ] --START--
INFO: [ template_filter ] --START--
INFO: Run Behavior\ContentReplaceBehavior [ RunTime:0.000000s ]
INFO: [ template_filter ] --END-- [ RunTime:0.000000s ]
INFO: Run Behavior\ParseTemplateBehavior [ RunTime:0.009000s ]
INFO: [ view_parse ] --END-- [ RunTime:0.009000s ]
INFO: [ view_filter ] --START--
INFO: Run Behavior\WriteHtmlCacheBehavior [ RunTime:0.000000s ]
INFO: [ view_filter ] --END-- [ RunTime:0.000000s ]
INFO: [ app_end ] --START--
INFO: Run Behavior\ShowPageTraceBehavior [ RunTime:0.001000s ]
INFO: [ app_end ] --END-- [ RunTime:0.001000s ]

[ 2018-03-06T10:34:51+08:00 ] 192.168.16.22 /admin.php/Ads/index.html
INFO: [ app_init ] --START--
INFO: Run Behavior\BuildLiteBehavior [ RunTime:0.000000s ]
INFO: [ app_init ] --END-- [ RunTime:0.000000s ]
INFO: [ app_begin ] --START--
INFO: Run Behavior\ReadHtmlCacheBehavior [ RunTime:0.001000s ]
INFO: [ app_begin ] --END-- [ RunTime:0.001000s ]
SQL: SHOW COLUMNS FROM `yzm_ads` [ RunTime:0.0040s ]
SQL: SELECT * FROM `yzm_ads`  [ RunTime:0.0020s ]
INFO: [ view_parse ] --START--
INFO: [ template_filter ] --START--
INFO: Run Behavior\ContentReplaceBehavior [ RunTime:0.000000s ]
INFO: [ template_filter ] --END-- [ RunTime:0.000000s ]
NOTIC: [8] Undefined variable: tot F:\git\lenovo\App\Runtime\Cache\Admin\7c3f1864539eb711067a66b76808e900.php 第 196 行.
NOTIC: [8] Use of undefined constant id - assumed 'id' F:\git\lenovo\App\Runtime\Cache\Admin\7c3f1864539eb711067a66b76808e900.php 第 216 行.
NOTIC: [8] Use of undefined constant name - assumed 'name' F:\git\lenovo\App\Runtime\Cache\Admin\7c3f1864539eb711067a66b76808e900.php 第 217 行.
NOTIC: [8] Use of undefined constant url - assumed 'url' F:\git\lenovo\App\Runtime\Cache\Admin\7c3f1864539eb711067a66b76808e900.php 第 218 行.
NOTIC: [8] Use of undefined constant img - assumed 'img' F:\git\lenovo\App\Runtime\Cache\Admin\7c3f1864539eb711067a66b76808e900.php 第 219 行.
NOTIC: [8] Use of undefined constant id - assumed 'id' F:\git\lenovo\App\Runtime\Cache\Admin\7c3f1864539eb711067a66b76808e900.php 第 216 行.
NOTIC: [8] Use of undefined constant name - assumed 'name' F:\git\lenovo\App\Runtime\Cache\Admin\7c3f1864539eb711067a66b76808e900.php 第 217 行.
NOTIC: [8] Use of undefined constant url - assumed 'url' F:\git\lenovo\App\Runtime\Cache\Admin\7c3f1864539eb711067a66b76808e900.php 第 218 行.
NOTIC: [8] Use of undefined constant img - assumed 'img' F:\git\lenovo\App\Runtime\Cache\Admin\7c3f1864539eb711067a66b76808e900.php 第 219 行.
NOTIC: [8] Use of undefined constant id - assumed 'id' F:\git\lenovo\App\Runtime\Cache\Admin\7c3f1864539eb711067a66b76808e900.php 第 216 行.
NOTIC: [8] Use of undefined constant name - assumed 'name' F:\git\lenovo\App\Runtime\Cache\Admin\7c3f1864539eb711067a66b76808e900.php 第 217 行.
NOTIC: [8] Use of undefined constant url - assumed 'url' F:\git\lenovo\App\Runtime\Cache\Admin\7c3f1864539eb711067a66b76808e900.php 第 218 行.
NOTIC: [8] Use of undefined constant img - assumed 'img' F:\git\lenovo\App\Runtime\Cache\Admin\7c3f1864539eb711067a66b76808e900.php 第 219 行.
NOTIC: [8] Use of undefined constant id - assumed 'id' F:\git\lenovo\App\Runtime\Cache\Admin\7c3f1864539eb711067a66b76808e900.php 第 216 行.
NOTIC: [8] Use of undefined constant name - assumed 'name' F:\git\lenovo\App\Runtime\Cache\Admin\7c3f1864539eb711067a66b76808e900.php 第 217 行.
NOTIC: [8] Use of undefined constant url - assumed 'url' F:\git\lenovo\App\Runtime\Cache\Admin\7c3f1864539eb711067a66b76808e900.php 第 218 行.
NOTIC: [8] Use of undefined constant img - assumed 'img' F:\git\lenovo\App\Runtime\Cache\Admin\7c3f1864539eb711067a66b76808e900.php 第 219 行.
NOTIC: [8] Use of undefined constant id - assumed 'id' F:\git\lenovo\App\Runtime\Cache\Admin\7c3f1864539eb711067a66b76808e900.php 第 216 行.
NOTIC: [8] Use of undefined constant name - assumed 'name' F:\git\lenovo\App\Runtime\Cache\Admin\7c3f1864539eb711067a66b76808e900.php 第 217 行.
NOTIC: [8] Use of undefined constant url - assumed 'url' F:\git\lenovo\App\Runtime\Cache\Admin\7c3f1864539eb711067a66b76808e900.php 第 218 行.
NOTIC: [8] Use of undefined constant img - assumed 'img' F:\git\lenovo\App\Runtime\Cache\Admin\7c3f1864539eb711067a66b76808e900.php 第 219 行.
NOTIC: [8] Use of undefined constant id - assumed 'id' F:\git\lenovo\App\Runtime\Cache\Admin\7c3f1864539eb711067a66b76808e900.php 第 216 行.
NOTIC: [8] Use of undefined constant name - assumed 'name' F:\git\lenovo\App\Runtime\Cache\Admin\7c3f1864539eb711067a66b76808e900.php 第 217 行.
NOTIC: [8] Use of undefined constant url - assumed 'url' F:\git\lenovo\App\Runtime\Cache\Admin\7c3f1864539eb711067a66b76808e900.php 第 218 行.
NOTIC: [8] Use of undefined constant img - assumed 'img' F:\git\lenovo\App\Runtime\Cache\Admin\7c3f1864539eb711067a66b76808e900.php 第 219 行.
NOTIC: [8] Use of undefined constant id - assumed 'id' F:\git\lenovo\App\Runtime\Cache\Admin\7c3f1864539eb711067a66b76808e900.php 第 216 行.
NOTIC: [8] Use of undefined constant name - assumed 'name' F:\git\lenovo\App\Runtime\Cache\Admin\7c3f1864539eb711067a66b76808e900.php 第 217 行.
NOTIC: [8] Use of undefined constant url - assumed 'url' F:\git\lenovo\App\Runtime\Cache\Admin\7c3f1864539eb711067a66b76808e900.php 第 218 行.
NOTIC: [8] Use of undefined constant img - assumed 'img' F:\git\lenovo\App\Runtime\Cache\Admin\7c3f1864539eb711067a66b76808e900.php 第 219 行.
NOTIC: [8] Use of undefined constant id - assumed 'id' F:\git\lenovo\App\Runtime\Cache\Admin\7c3f1864539eb711067a66b76808e900.php 第 216 行.
NOTIC: [8] Use of undefined constant name - assumed 'name' F:\git\lenovo\App\Runtime\Cache\Admin\7c3f1864539eb711067a66b76808e900.php 第 217 行.
NOTIC: [8] Use of undefined constant url - assumed 'url' F:\git\lenovo\App\Runtime\Cache\Admin\7c3f1864539eb711067a66b76808e900.php 第 218 行.
NOTIC: [8] Use of undefined constant img - assumed 'img' F:\git\lenovo\App\Runtime\Cache\Admin\7c3f1864539eb711067a66b76808e900.php 第 219 行.
NOTIC: [8] Undefined variable: pages F:\git\lenovo\App\Runtime\Cache\Admin\7c3f1864539eb711067a66b76808e900.php 第 230 行.
INFO: Run Behavior\ParseTemplateBehavior [ RunTime:0.009000s ]
INFO: [ view_parse ] --END-- [ RunTime:0.009000s ]
INFO: [ view_filter ] --START--
INFO: Run Behavior\WriteHtmlCacheBehavior [ RunTime:0.000000s ]
INFO: [ view_filter ] --END-- [ RunTime:0.000000s ]
INFO: [ app_end ] --START--
INFO: Run Behavior\ShowPageTraceBehavior [ RunTime:0.001000s ]
INFO: [ app_end ] --END-- [ RunTime:0.001000s ]

[ 2018-03-06T10:35:10+08:00 ] 192.168.16.22 /admin.php/Ads/edit.html
INFO: [ app_init ] --START--
INFO: Run Behavior\BuildLiteBehavior [ RunTime:0.000000s ]
INFO: [ app_init ] --END-- [ RunTime:0.000000s ]
INFO: [ app_begin ] --START--
INFO: Run Behavior\ReadHtmlCacheBehavior [ RunTime:0.001000s ]
INFO: [ app_begin ] --END-- [ RunTime:0.001000s ]
ERR: 非法操作:edit

[ 2018-03-06T10:35:23+08:00 ] 192.168.16.22 /admin.php/Goods/index.html
INFO: [ app_init ] --START--
INFO: Run Behavior\BuildLiteBehavior [ RunTime:0.000000s ]
INFO: [ app_init ] --END-- [ RunTime:0.000000s ]
INFO: [ app_begin ] --START--
INFO: Run Behavior\ReadHtmlCacheBehavior [ RunTime:0.001001s ]
INFO: [ app_begin ] --END-- [ RunTime:0.001001s ]
SQL: SHOW COLUMNS FROM `yzm_goods` [ RunTime:0.0060s ]
SQL: select count(*) tot from yzm_goods,yzm_classs where yzm_goods.cid=yzm_classs.id  [ RunTime:0.0030s ]
SQL: select yzm_goods.*,yzm_classs.cname from yzm_goods,yzm_classs where yzm_goods.cid=yzm_classs.id limit 0,5 [ RunTime:0.0060s ]
INFO: [ view_parse ] --START--
INFO: [ template_filter ] --START--
INFO: Run Behavior\ContentReplaceBehavior [ RunTime:0.000000s ]
INFO: [ template_filter ] --END-- [ RunTime:0.000000s ]
NOTIC: [8] Use of undefined constant id - assumed 'id' F:\git\lenovo\App\Runtime\Cache\Admin\aa143db074a4ae068af099999d56ed88.php 第 220 行.
NOTIC: [8] Use of undefined constant id - assumed 'id' F:\git\lenovo\App\Runtime\Cache\Admin\aa143db074a4ae068af099999d56ed88.php 第 221 行.
NOTIC: [8] Use of undefined constant name - assumed 'name' F:\git\lenovo\App\Runtime\Cache\Admin\aa143db074a4ae068af099999d56ed88.php 第 221 行.
NOTIC: [8] Use of undefined constant info - assumed 'info' F:\git\lenovo\App\Runtime\Cache\Admin\aa143db074a4ae068af099999d56ed88.php 第 222 行.
NOTIC: [8] Use of undefined constant price - assumed 'price' F:\git\lenovo\App\Runtime\Cache\Admin\aa143db074a4ae068af099999d56ed88.php 第 224 行.
NOTIC: [8] Use of undefined constant num - assumed 'num' F:\git\lenovo\App\Runtime\Cache\Admin\aa143db074a4ae068af099999d56ed88.php 第 225 行.
NOTIC: [8] Use of undefined constant type - assumed 'type' F:\git\lenovo\App\Runtime\Cache\Admin\aa143db074a4ae068af099999d56ed88.php 第 226 行.
NOTIC: [8] Use of undefined constant cname - assumed 'cname' F:\git\lenovo\App\Runtime\Cache\Admin\aa143db074a4ae068af099999d56ed88.php 第 231 行.
NOTIC: [8] Use of undefined constant id - assumed 'id' F:\git\lenovo\App\Runtime\Cache\Admin\aa143db074a4ae068af099999d56ed88.php 第 220 行.
NOTIC: [8] Use of undefined constant id - assumed 'id' F:\git\lenovo\App\Runtime\Cache\Admin\aa143db074a4ae068af099999d56ed88.php 第 221 行.
NOTIC: [8] Use of undefined constant name - assumed 'name' F:\git\lenovo\App\Runtime\Cache\Admin\aa143db074a4ae068af099999d56ed88.php 第 221 行.
NOTIC: [8] Use of undefined constant info - assumed 'info' F:\git\lenovo\App\Runtime\Cache\Admin\aa143db074a4ae068af099999d56ed88.php 第 222 行.
NOTIC: [8] Use of undefined constant price - assumed 'price' F:\git\lenovo\App\Runtime\Cache\Admin\aa143db074a4ae068af099999d56ed88.php 第 224 行.
NOTIC: [8] Use of undefined constant num - assumed 'num' F:\git\lenovo\App\Runtime\Cache\Admin\aa143db074a4ae068af099999d56ed88.php 第 225 行.
NOTIC: [8] Use of undefined constant type - assumed 'type' F:\git\lenovo\App\Runtime\Cache\Admin\aa143db074a4ae068af099999d56ed88.php 第 226 行.
NOTIC: [8] Use of undefined constant cname - assumed 'cname' F:\git\lenovo\App\Runtime\Cache\Admin\aa143db074a4ae068af099999d56ed88.php 第 231 行.
NOTIC: [8] Use of undefined constant id - assumed 'id' F:\git\lenovo\App\Runtime\Cache\Admin\aa143db074a4ae068af099999d56ed88.php 第 220 行.
NOTIC: [8] Use of undefined constant id - assumed 'id' F:\git\lenovo\App\Runtime\Cache\Admin\aa143db074a4ae068af099999d56ed88.php 第 221 行.
NOTIC: [8] Use of undefined constant name - assumed 'name' F:\git\lenovo\App\Runtime\Cache\Admin\aa143db074a4ae068af099999d56ed88.php 第 221 行.
NOTIC: [8] Use of undefined constant info - assumed 'info' F:\git\lenovo\App\Runtime\Cache\Admin\aa143db074a4ae068af099999d56ed88.php 第 222 行.
NOTIC: [8] Use of undefined constant price - assumed 'price' F:\git\lenovo\App\Runtime\Cache\Admin\aa143db074a4ae068af099999d56ed88.php 第 224 行.
NOTIC: [8] Use of undefined constant num - assumed 'num' F:\git\lenovo\App\Runtime\Cache\Admin\aa143db074a4ae068af099999d56ed88.php 第 225 行.
NOTIC: [8] Use of undefined constant type - assumed 'type' F:\git\lenovo\App\Runtime\Cache\Admin\aa143db074a4ae068af099999d56ed88.php 第 226 行.
NOTIC: [8] Use of undefined constant cname - assumed 'cname' F:\git\lenovo\App\Runtime\Cache\Admin\aa143db074a4ae068af099999d56ed88.php 第 231 行.
NOTIC: [8] Use of undefined constant id - assumed 'id' F:\git\lenovo\App\Runtime\Cache\Admin\aa143db074a4ae068af099999d56ed88.php 第 220 行.
NOTIC: [8] Use of undefined constant id - assumed 'id' F:\git\lenovo\App\Runtime\Cache\Admin\aa143db074a4ae068af099999d56ed88.php 第 221 行.
NOTIC: [8] Use of undefined constant name - assumed 'name' F:\git\lenovo\App\Runtime\Cache\Admin\aa143db074a4ae068af099999d56ed88.php 第 221 行.
NOTIC: [8] Use of undefined constant info - assumed 'info' F:\git\lenovo\App\Runtime\Cache\Admin\aa143db074a4ae068af099999d56ed88.php 第 222 行.
NOTIC: [8] Use of undefined constant price - assumed 'price' F:\git\lenovo\App\Runtime\Cache\Admin\aa143db074a4ae068af099999d56ed88.php 第 224 行.
NOTIC: [8] Use of undefined constant num - assumed 'num' F:\git\lenovo\App\Runtime\Cache\Admin\aa143db074a4ae068af099999d56ed88.php 第 225 行.
NOTIC: [8] Use of undefined constant type - assumed 'type' F:\git\lenovo\App\Runtime\Cache\Admin\aa143db074a4ae068af099999d56ed88.php 第 226 行.
NOTIC: [8] Use of undefined constant cname - assumed 'cname' F:\git\lenovo\App\Runtime\Cache\Admin\aa143db074a4ae068af099999d56ed88.php 第 231 行.
NOTIC: [8] Use of undefined constant id - assumed 'id' F:\git\lenovo\App\Runtime\Cache\Admin\aa143db074a4ae068af099999d56ed88.php 第 220 行.
NOTIC: [8] Use of undefined constant id - assumed 'id' F:\git\lenovo\App\Runtime\Cache\Admin\aa143db074a4ae068af099999d56ed88.php 第 221 行.
NOTIC: [8] Use of undefined constant name - assumed 'name' F:\git\lenovo\App\Runtime\Cache\Admin\aa143db074a4ae068af099999d56ed88.php 第 221 行.
NOTIC: [8] Use of undefined constant info - assumed 'info' F:\git\lenovo\App\Runtime\Cache\Admin\aa143db074a4ae068af099999d56ed88.php 第 222 行.
NOTIC: [8] Use of undefined constant price - assumed 'price' F:\git\lenovo\App\Runtime\Cache\Admin\aa143db074a4ae068af099999d56ed88.php 第 224 行.
NOTIC: [8] Use of undefined constant num - assumed 'num' F:\git\lenovo\App\Runtime\Cache\Admin\aa143db074a4ae068af099999d56ed88.php 第 225 行.
NOTIC: [8] Use of undefined constant type - assumed 'type' F:\git\lenovo\App\Runtime\Cache\Admin\aa143db074a4ae068af099999d56ed88.php 第 226 行.
NOTIC: [8] Use of undefined constant cname - assumed 'cname' F:\git\lenovo\App\Runtime\Cache\Admin\aa143db074a4ae068af099999d56ed88.php 第 231 行.
INFO: Run Behavior\ParseTemplateBehavior [ RunTime:0.032002s ]
INFO: [ view_parse ] --END-- [ RunTime:0.032002s ]
INFO: [ view_filter ] --START--
INFO: Run Behavior\WriteHtmlCacheBehavior [ RunTime:0.000000s ]
INFO: [ view_filter ] --END-- [ RunTime:0.000000s ]
INFO: [ app_end ] --START--
INFO: Run Behavior\ShowPageTraceBehavior [ RunTime:0.000000s ]
INFO: [ app_end ] --END-- [ RunTime:0.000000s ]

[ 2018-03-06T10:35:26+08:00 ] 192.168.16.22 /admin.php/Goods/add.html
INFO: [ app_init ] --START--
INFO: Run Behavior\BuildLiteBehavior [ RunTime:0.000000s ]
INFO: [ app_init ] --END-- [ RunTime:0.000000s ]
INFO: [ app_begin ] --START--
INFO: Run Behavior\ReadHtmlCacheBehavior [ RunTime:0.000000s ]
INFO: [ app_begin ] --END-- [ RunTime:0.000000s ]
SQL: SHOW COLUMNS FROM `yzm_classs` [ RunTime:0.0070s ]
SQL: SELECT *,concat(path,id) pp FROM `yzm_classs` ORDER BY pp asc  [ RunTime:0.0050s ]
SQL: SHOW COLUMNS FROM `yzm_brand` [ RunTime:0.0300s ]
SQL: SELECT * FROM `yzm_brand`  [ RunTime:0.0050s ]
INFO: [ view_parse ] --START--
INFO: [ template_filter ] --START--
INFO: Run Behavior\ContentReplaceBehavior [ RunTime:0.000000s ]
INFO: [ template_filter ] --END-- [ RunTime:0.000000s ]
NOTIC: [8] Use of undefined constant path - assumed 'path' F:\git\lenovo\App\Runtime\Cache\Admin\c4eb750b05a3ec9b1c52c27480c12d23.php 第 233 行.
NOTIC: [8] Use of undefined constant id - assumed 'id' F:\git\lenovo\App\Runtime\Cache\Admin\c4eb750b05a3ec9b1c52c27480c12d23.php 第 236 行.
NOTIC: [8] Use of undefined constant cname - assumed 'cname' F:\git\lenovo\App\Runtime\Cache\Admin\c4eb750b05a3ec9b1c52c27480c12d23.php 第 236 行.
NOTIC: [8] Use of undefined constant path - assumed 'path' F:\git\lenovo\App\Runtime\Cache\Admin\c4eb750b05a3ec9b1c52c27480c12d23.php 第 233 行.
NOTIC: [8] Use of undefined constant id - assumed 'id' F:\git\lenovo\App\Runtime\Cache\Admin\c4eb750b05a3ec9b1c52c27480c12d23.php 第 236 行.
NOTIC: [8] Use of undefined constant cname - assumed 'cname' F:\git\lenovo\App\Runtime\Cache\Admin\c4eb750b05a3ec9b1c52c27480c12d23.php 第 236 行.
NOTIC: [8] Use of undefined constant path - assumed 'path' F:\git\lenovo\App\Runtime\Cache\Admin\c4eb750b05a3ec9b1c52c27480c12d23.php 第 233 行.
NOTIC: [8] Use of undefined constant id - assumed 'id' F:\git\lenovo\App\Runtime\Cache\Admin\c4eb750b05a3ec9b1c52c27480c12d23.php 第 234 行.
NOTIC: [8] Use of undefined constant cname - assumed 'cname' F:\git\lenovo\App\Runtime\Cache\Admin\c4eb750b05a3ec9b1c52c27480c12d23.php 第 234 行.
NOTIC: [8] Use of undefined constant path - assumed 'path' F:\git\lenovo\App\Runtime\Cache\Admin\c4eb750b05a3ec9b1c52c27480c12d23.php 第 233 行.
NOTIC: [8] Use of undefined constant id - assumed 'id' F:\git\lenovo\App\Runtime\Cache\Admin\c4eb750b05a3ec9b1c52c27480c12d23.php 第 234 行.
NOTIC: [8] Use of undefined constant cname - assumed 'cname' F:\git\lenovo\App\Runtime\Cache\Admin\c4eb750b05a3ec9b1c52c27480c12d23.php 第 234 行.
NOTIC: [8] Use of undefined constant path - assumed 'path' F:\git\lenovo\App\Runtime\Cache\Admin\c4eb750b05a3ec9b1c52c27480c12d23.php 第 233 行.
NOTIC: [8] Use of undefined constant id - assumed 'id' F:\git\lenovo\App\Runtime\Cache\Admin\c4eb750b05a3ec9b1c52c27480c12d23.php 第 236 行.
NOTIC: [8] Use of undefined constant cname - assumed 'cname' F:\git\lenovo\App\Runtime\Cache\Admin\c4eb750b05a3ec9b1c52c27480c12d23.php 第 236 行.
NOTIC: [8] Use of undefined constant path - assumed 'path' F:\git\lenovo\App\Runtime\Cache\Admin\c4eb750b05a3ec9b1c52c27480c12d23.php 第 233 行.
NOTIC: [8] Use of undefined constant id - assumed 'id' F:\git\lenovo\App\Runtime\Cache\Admin\c4eb750b05a3ec9b1c52c27480c12d23.php 第 234 行.
NOTIC: [8] Use of undefined constant cname - assumed 'cname' F:\git\lenovo\App\Runtime\Cache\Admin\c4eb750b05a3ec9b1c52c27480c12d23.php 第 234 行.
NOTIC: [8] Use of undefined constant path - assumed 'path' F:\git\lenovo\App\Runtime\Cache\Admin\c4eb750b05a3ec9b1c52c27480c12d23.php 第 233 行.
NOTIC: [8] Use of undefined constant id - assumed 'id' F:\git\lenovo\App\Runtime\Cache\Admin\c4eb750b05a3ec9b1c52c27480c12d23.php 第 234 行.
NOTIC: [8] Use of undefined constant cname - assumed 'cname' F:\git\lenovo\App\Runtime\Cache\Admin\c4eb750b05a3ec9b1c52c27480c12d23.php 第 234 行.
NOTIC: [8] Use of undefined constant path - assumed 'path' F:\git\lenovo\App\Runtime\Cache\Admin\c4eb750b05a3ec9b1c52c27480c12d23.php 第 233 行.
NOTIC: [8] Use of undefined constant id - assumed 'id' F:\git\lenovo\App\Runtime\Cache\Admin\c4eb750b05a3ec9b1c52c27480c12d23.php 第 236 行.
NOTIC: [8] Use of undefined constant cname - assumed 'cname' F:\git\lenovo\App\Runtime\Cache\Admin\c4eb750b05a3ec9b1c52c27480c12d23.php 第 236 行.
NOTIC: [8] Use of undefined constant path - assumed 'path' F:\git\lenovo\App\Runtime\Cache\Admin\c4eb750b05a3ec9b1c52c27480c12d23.php 第 233 行.
NOTIC: [8] Use of undefined constant id - assumed 'id' F:\git\lenovo\App\Runtime\Cache\Admin\c4eb750b05a3ec9b1c52c27480c12d23.php 第 236 行.
NOTIC: [8] Use of undefined constant cname - assumed 'cname' F:\git\lenovo\App\Runtime\Cache\Admin\c4eb750b05a3ec9b1c52c27480c12d23.php 第 236 行.
NOTIC: [8] Use of undefined constant path - assumed 'path' F:\git\lenovo\App\Runtime\Cache\Admin\c4eb750b05a3ec9b1c52c27480c12d23.php 第 233 行.
NOTIC: [8] Use of undefined constant id - assumed 'id' F:\git\lenovo\App\Runtime\Cache\Admin\c4eb750b05a3ec9b1c52c27480c12d23.php 第 234 行.
NOTIC: [8] Use of undefined constant cname - assumed 'cname' F:\git\lenovo\App\Runtime\Cache\Admin\c4eb750b05a3ec9b1c52c27480c12d23.php 第 234 行.
NOTIC: [8] Use of undefined constant path - assumed 'path' F:\git\lenovo\App\Runtime\Cache\Admin\c4eb750b05a3ec9b1c52c27480c12d23.php 第 233 行.
NOTIC: [8] Use of undefined constant id - assumed 'id' F:\git\lenovo\App\Runtime\Cache\Admin\c4eb750b05a3ec9b1c52c27480c12d23.php 第 234 行.
NOTIC: [8] Use of undefined constant cname - assumed 'cname' F:\git\lenovo\App\Runtime\Cache\Admin\c4eb750b05a3ec9b1c52c27480c12d23.php 第 234 行.
NOTIC: [8] Use of undefined constant path - assumed 'path' F:\git\lenovo\App\Runtime\Cache\Admin\c4eb750b05a3ec9b1c52c27480c12d23.php 第 233 行.
NOTIC: [8] Use of undefined constant id - assumed 'id' F:\git\lenovo\App\Runtime\Cache\Admin\c4eb750b05a3ec9b1c52c27480c12d23.php 第 236 行.
NOTIC: [8] Use of undefined constant cname - assumed 'cname' F:\git\lenovo\App\Runtime\Cache\Admin\c4eb750b05a3ec9b1c52c27480c12d23.php 第 236 行.
NOTIC: [8] Use of undefined constant path - assumed 'path' F:\git\lenovo\App\Runtime\Cache\Admin\c4eb750b05a3ec9b1c52c27480c12d23.php 第 233 行.
NOTIC: [8] Use of undefined constant id - assumed 'id' F:\git\lenovo\App\Runtime\Cache\Admin\c4eb750b05a3ec9b1c52c27480c12d23.php 第 234 行.
NOTIC: [8] Use of undefined constant cname - assumed 'cname' F:\git\lenovo\App\Runtime\Cache\Admin\c4eb750b05a3ec9b1c52c27480c12d23.php 第 234 行.
NOTIC: [8] Use of undefined constant path - assumed 'path' F:\git\lenovo\App\Runtime\Cache\Admin\c4eb750b05a3ec9b1c52c27480c12d23.php 第 233 行.
NOTIC: [8] Use of undefined constant id - assumed 'id' F:\git\lenovo\App\Runtime\Cache\Admin\c4eb750b05a3ec9b1c52c27480c12d23.php 第 234 行.
NOTIC: [8] Use of undefined constant cname - assumed 'cname' F:\git\lenovo\App\Runtime\Cache\Admin\c4eb750b05a3ec9b1c52c27480c12d23.php 第 234 行.
NOTIC: [8] Use of undefined constant path - assumed 'path' F:\git\lenovo\App\Runtime\Cache\Admin\c4eb750b05a3ec9b1c52c27480c12d23.php 第 233 行.
NOTIC: [8] Use of undefined constant id - assumed 'id' F:\git\lenovo\App\Runtime\Cache\Admin\c4eb750b05a3ec9b1c52c27480c12d23.php 第 236 行.
NOTIC: [8] Use of undefined constant cname - assumed 'cname' F:\git\lenovo\App\Runtime\Cache\Admin\c4eb750b05a3ec9b1c52c27480c12d23.php 第 236 行.
NOTIC: [8] Use of undefined constant path - assumed 'path' F:\git\lenovo\App\Runtime\Cache\Admin\c4eb750b05a3ec9b1c52c27480c12d23.php 第 233 行.
NOTIC: [8] Use of undefined constant id - assumed 'id' F:\git\lenovo\App\Runtime\Cache\Admin\c4eb750b05a3ec9b1c52c27480c12d23.php 第 236 行.
NOTIC: [8] Use of undefined constant cname - assumed 'cname' F:\git\lenovo\App\Runtime\Cache\Admin\c4eb750b05a3ec9b1c52c27480c12d23.php 第 236 行.
NOTIC: [8] Use of undefined constant path - assumed 'path' F:\git\lenovo\App\Runtime\Cache\Admin\c4eb750b05a3ec9b1c52c27480c12d23.php 第 233 行.
NOTIC: [8] Use of undefined constant id - assumed 'id' F:\git\lenovo\App\Runtime\Cache\Admin\c4eb750b05a3ec9b1c52c27480c12d23.php 第 234 行.
NOTIC: [8] Use of undefined constant cname - assumed 'cname' F:\git\lenovo\App\Runtime\Cache\Admin\c4eb750b05a3ec9b1c52c27480c12d23.php 第 234 行.
NOTIC: [8] Use of undefined constant path - assumed 'path' F:\git\lenovo\App\Runtime\Cache\Admin\c4eb750b05a3ec9b1c52c27480c12d23.php 第 233 行.
NOTIC: [8] Use of undefined constant id - assumed 'id' F:\git\lenovo\App\Runtime\Cache\Admin\c4eb750b05a3ec9b1c52c27480c12d23.php 第 234 行.
NOTIC: [8] Use of undefined constant cname - assumed 'cname' F:\git\lenovo\App\Runtime\Cache\Admin\c4eb750b05a3ec9b1c52c27480c12d23.php 第 234 行.
NOTIC: [8] Use of undefined constant path - assumed 'path' F:\git\lenovo\App\Runtime\Cache\Admin\c4eb750b05a3ec9b1c52c27480c12d23.php 第 233 行.
NOTIC: [8] Use of undefined constant id - assumed 'id' F:\git\lenovo\App\Runtime\Cache\Admin\c4eb750b05a3ec9b1c52c27480c12d23.php 第 236 行.
NOTIC: [8] Use of undefined constant cname - assumed 'cname' F:\git\lenovo\App\Runtime\Cache\Admin\c4eb750b05a3ec9b1c52c27480c12d23.php 第 236 行.
NOTIC: [8] Use of undefined constant path - assumed 'path' F:\git\lenovo\App\Runtime\Cache\Admin\c4eb750b05a3ec9b1c52c27480c12d23.php 第 233 行.
NOTIC: [8] Use of undefined constant id - assumed 'id' F:\git\lenovo\App\Runtime\Cache\Admin\c4eb750b05a3ec9b1c52c27480c12d23.php 第 234 行.
NOTIC: [8] Use of undefined constant cname - assumed 'cname' F:\git\lenovo\App\Runtime\Cache\Admin\c4eb750b05a3ec9b1c52c27480c12d23.php 第 234 行.
NOTIC: [8] Use of undefined constant path - assumed 'path' F:\git\lenovo\App\Runtime\Cache\Admin\c4eb750b05a3ec9b1c52c27480c12d23.php 第 233 行.
NOTIC: [8] Use of undefined constant id - assumed 'id' F:\git\lenovo\App\Runtime\Cache\Admin\c4eb750b05a3ec9b1c52c27480c12d23.php 第 234 行.
NOTIC: [8] Use of undefined constant cname - assumed 'cname' F:\git\lenovo\App\Runtime\Cache\Admin\c4eb750b05a3ec9b1c52c27480c12d23.php 第 234 行.
NOTIC: [8] Use of undefined constant id - assumed 'id' F:\git\lenovo\App\Runtime\Cache\Admin\c4eb750b05a3ec9b1c52c27480c12d23.php 第 243 行.
NOTIC: [8] Use of undefined constant bname - assumed 'bname' F:\git\lenovo\App\Runtime\Cache\Admin\c4eb750b05a3ec9b1c52c27480c12d23.php 第 243 行.
NOTIC: [8] Use of undefined constant id - assumed 'id' F:\git\lenovo\App\Runtime\Cache\Admin\c4eb750b05a3ec9b1c52c27480c12d23.php 第 243 行.
NOTIC: [8] Use of undefined constant bname - assumed 'bname' F:\git\lenovo\App\Runtime\Cache\Admin\c4eb750b05a3ec9b1c52c27480c12d23.php 第 243 行.
NOTIC: [8] Use of undefined constant id - assumed 'id' F:\git\lenovo\App\Runtime\Cache\Admin\c4eb750b05a3ec9b1c52c27480c12d23.php 第 243 行.
NOTIC: [8] Use of undefined constant bname - assumed 'bname' F:\git\lenovo\App\Runtime\Cache\Admin\c4eb750b05a3ec9b1c52c27480c12d23.php 第 243 行.
NOTIC: [8] Use of undefined constant id - assumed 'id' F:\git\lenovo\App\Runtime\Cache\Admin\c4eb750b05a3ec9b1c52c27480c12d23.php 第 243 行.
NOTIC: [8] Use of undefined constant bname - assumed 'bname' F:\git\lenovo\App\Runtime\Cache\Admin\c4eb750b05a3ec9b1c52c27480c12d23.php 第 243 行.
NOTIC: [8] Use of undefined constant id - assumed 'id' F:\git\lenovo\App\Runtime\Cache\Admin\c4eb750b05a3ec9b1c52c27480c12d23.php 第 243 行.
NOTIC: [8] Use of undefined constant bname - assumed 'bname' F:\git\lenovo\App\Runtime\Cache\Admin\c4eb750b05a3ec9b1c52c27480c12d23.php 第 243 行.
NOTIC: [8] Use of undefined constant id - assumed 'id' F:\git\lenovo\App\Runtime\Cache\Admin\c4eb750b05a3ec9b1c52c27480c12d23.php 第 243 行.
NOTIC: [8] Use of undefined constant bname - assumed 'bname' F:\git\lenovo\App\Runtime\Cache\Admin\c4eb750b05a3ec9b1c52c27480c12d23.php 第 243 行.
NOTIC: [8] Use of undefined constant id - assumed 'id' F:\git\lenovo\App\Runtime\Cache\Admin\c4eb750b05a3ec9b1c52c27480c12d23.php 第 243 行.
NOTIC: [8] Use of undefined constant bname - assumed 'bname' F:\git\lenovo\App\Runtime\Cache\Admin\c4eb750b05a3ec9b1c52c27480c12d23.php 第 243 行.
INFO: Run Behavior\ParseTemplateBehavior [ RunTime:0.033002s ]
INFO: [ view_parse ] --END-- [ RunTime:0.033002s ]
INFO: [ view_filter ] --START--
INFO: Run Behavior\WriteHtmlCacheBehavior [ RunTime:0.000000s ]
INFO: [ view_filter ] --END-- [ RunTime:0.000000s ]
INFO: [ app_end ] --START--
INFO: Run Behavior\ShowPageTraceBehavior [ RunTime:0.001000s ]
INFO: [ app_end ] --END-- [ RunTime:0.001000s ]

